0 verbose cli /home/osipowvw/.nvm/versions/node/v20.17.0/bin/node /home/osipowvw/.nvm/versions/node/v20.17.0/bin/npm
1 info using npm@10.8.2
2 info using node@v20.17.0
3 silly config load:file:/home/osipowvw/.nvm/versions/node/v20.17.0/lib/node_modules/npm/npmrc
4 silly config load:file:/home/osipowvw/my-project/.npmrc
5 silly config load:file:/home/osipowvw/.npmrc
6 silly config load:file:/home/osipowvw/.nvm/versions/node/v20.17.0/etc/npmrc
7 verbose title npm install babel-jest @babel/core @babel/preser-env
8 verbose argv "install" "--save-dev" "babel-jest" "@babel/core" "@babel/preser-env"
9 verbose logfile logs-max:10 dir:/home/osipowvw/.npm/_logs/2024-09-17T18_28_45_523Z-
10 verbose logfile /home/osipowvw/.npm/_logs/2024-09-17T18_28_45_523Z-debug-0.log
11 silly packumentCache heap:2197815296 maxSize:549453824 maxEntrySize:274726912
12 silly logfile start cleaning logs, removing 1 files
13 silly logfile done cleaning log files
14 silly idealTree buildDeps
15 silly fetch manifest babel-jest@*
16 silly packumentCache full:https://registry.npmjs.org/babel-jest cache-miss
17 http fetch GET 200 https://registry.npmjs.org/babel-jest 71ms (cache hit)
18 silly packumentCache full:https://registry.npmjs.org/babel-jest set size:646128 disposed:false
19 silly fetch manifest @babel/core@*
20 silly packumentCache full:https://registry.npmjs.org/@babel%2fcore cache-miss
21 http fetch GET 200 https://registry.npmjs.org/@babel%2fcore 7ms (cache hit)
22 silly packumentCache full:https://registry.npmjs.org/@babel%2fcore set size:657010 disposed:false
23 silly fetch manifest @babel/preser-env@*
24 silly packumentCache full:https://registry.npmjs.org/@babel%2fpreser-env cache-miss
25 http fetch GET 404 https://registry.npmjs.org/@babel%2fpreser-env 1024ms (cache skip)
26 silly placeDep ROOT @babel/core@7.25.2 REPLACE for: my-project@1.0.0 want: *
27 silly placeDep ROOT @babel/preser-env@ OK for: my-project@1.0.0 want: *
28 silly placeDep ROOT babel-jest@29.7.0 REPLACE for: my-project@1.0.0 want: *
29 verbose stack HttpErrorGeneral: 404 Not Found - GET https://registry.npmjs.org/@babel%2fpreser-env - Not found
29 verbose stack     at /home/osipowvw/.nvm/versions/node/v20.17.0/lib/node_modules/npm/node_modules/npm-registry-fetch/lib/check-response.js:95:15
29 verbose stack     at process.processTicksAndRejections (node:internal/process/task_queues:95:5)
29 verbose stack     at async RegistryFetcher.packument (/home/osipowvw/.nvm/versions/node/v20.17.0/lib/node_modules/npm/node_modules/pacote/lib/registry.js:90:19)
29 verbose stack     at async RegistryFetcher.manifest (/home/osipowvw/.nvm/versions/node/v20.17.0/lib/node_modules/npm/node_modules/pacote/lib/registry.js:128:23)
29 verbose stack     at async #fetchManifest (/home/osipowvw/.nvm/versions/node/v20.17.0/lib/node_modules/npm/node_modules/@npmcli/arborist/lib/arborist/build-ideal-tree.js:1199:20)
29 verbose stack     at async #nodeFromEdge (/home/osipowvw/.nvm/versions/node/v20.17.0/lib/node_modules/npm/node_modules/@npmcli/arborist/lib/arborist/build-ideal-tree.js:1037:19)
29 verbose stack     at async #buildDepStep (/home/osipowvw/.nvm/versions/node/v20.17.0/lib/node_modules/npm/node_modules/@npmcli/arborist/lib/arborist/build-ideal-tree.js:901:11)
29 verbose stack     at async Arborist.buildIdealTree (/home/osipowvw/.nvm/versions/node/v20.17.0/lib/node_modules/npm/node_modules/@npmcli/arborist/lib/arborist/build-ideal-tree.js:181:7)
29 verbose stack     at async Promise.all (index 1)
29 verbose stack     at async Arborist.reify (/home/osipowvw/.nvm/versions/node/v20.17.0/lib/node_modules/npm/node_modules/@npmcli/arborist/lib/arborist/reify.js:131:5)
30 verbose statusCode 404
31 verbose pkgid @babel/preser-env@*
32 error code E404
33 error 404 Not Found - GET https://registry.npmjs.org/@babel%2fpreser-env - Not found
34 error 404
35 error 404  '@babel/preser-env@*' is not in this registry.
36 error 404
37 error 404 Note that you can also install from a
38 error 404 tarball, folder, http url, or git url.
39 silly unfinished npm timer reify 1726597725742
40 silly unfinished npm timer reify:loadTrees 1726597725744
41 verbose cwd /home/osipowvw/my-project
42 verbose os Linux 5.15.153.1-microsoft-standard-WSL2
43 verbose node v20.17.0
44 verbose npm  v10.8.2
45 verbose exit 1
46 verbose code 1
47 error A complete log of this run can be found in: /home/osipowvw/.npm/_logs/2024-09-17T18_28_45_523Z-debug-0.log
