0 verbose cli /home/osipowvw/.nvm/versions/node/v20.17.0/bin/node /home/osipowvw/.nvm/versions/node/v20.17.0/bin/npm
1 info using npm@10.8.2
2 info using node@v20.17.0
3 silly config load:file:/home/osipowvw/.nvm/versions/node/v20.17.0/lib/node_modules/npm/npmrc
4 silly config load:file:/home/osipowvw/my-project/.npmrc
5 silly config load:file:/home/osipowvw/.npmrc
6 silly config load:file:/home/osipowvw/.nvm/versions/node/v20.17.0/etc/npmrc
7 verbose title npm init
8 verbose argv "init"
9 verbose logfile logs-max:10 dir:/home/osipowvw/.npm/_logs/2024-09-17T18_27_35_045Z-
10 verbose logfile /home/osipowvw/.npm/_logs/2024-09-17T18_27_35_045Z-debug-0.log
11 silly logfile start cleaning logs, removing 4 files
12 silly logfile done cleaning log files
13 silly package data {
13 silly package data   name: 'my-project',
13 silly package data   version: '1.0.0',
13 silly package data   description: 'blabla',
13 silly package data   main: 'index.js',
13 silly package data   scripts: { test: 'echo "Error: no test specified" && exit 1' },
13 silly package data   author: 'osipowvw',
13 silly package data   license: 'ISC'
13 silly package data }
14 verbose cwd /home/osipowvw/my-project
15 verbose os Linux 5.15.153.1-microsoft-standard-WSL2
16 verbose node v20.17.0
17 verbose npm  v10.8.2
18 verbose exit 0
19 info ok
