0 verbose cli /home/osipowvw/.nvm/versions/node/v20.17.0/bin/node /home/osipowvw/.nvm/versions/node/v20.17.0/bin/npm
1 info using npm@10.8.2
2 info using node@v20.17.0
3 silly config load:file:/home/osipowvw/.nvm/versions/node/v20.17.0/lib/node_modules/npm/npmrc
4 silly config load:file:/home/osipowvw/my-project/.npmrc
5 silly config load:file:/home/osipowvw/.npmrc
6 silly config load:file:/home/osipowvw/.nvm/versions/node/v20.17.0/etc/npmrc
7 verbose title npm install babel-jest @babel/core @babel/preset-env
8 verbose argv "install" "--save-dev" "babel-jest" "@babel/core" "@babel/preset-env"
9 verbose logfile logs-max:10 dir:/home/osipowvw/.npm/_logs/2024-09-17T18_28_57_290Z-
10 verbose logfile /home/osipowvw/.npm/_logs/2024-09-17T18_28_57_290Z-debug-0.log
11 silly packumentCache heap:2197815296 maxSize:549453824 maxEntrySize:274726912
12 silly logfile start cleaning logs, removing 1 files
13 silly logfile done cleaning log files
14 silly idealTree buildDeps
15 silly fetch manifest babel-jest@*
16 silly packumentCache full:https://registry.npmjs.org/babel-jest cache-miss
17 http fetch GET 200 https://registry.npmjs.org/babel-jest 76ms (cache hit)
18 silly packumentCache full:https://registry.npmjs.org/babel-jest set size:646128 disposed:false
19 silly fetch manifest @babel/core@*
20 silly packumentCache full:https://registry.npmjs.org/@babel%2fcore cache-miss
21 http fetch GET 200 https://registry.npmjs.org/@babel%2fcore 7ms (cache hit)
22 silly packumentCache full:https://registry.npmjs.org/@babel%2fcore set size:657010 disposed:false
23 silly fetch manifest @babel/preset-env@*
24 silly packumentCache full:https://registry.npmjs.org/@babel%2fpreset-env cache-miss
25 http fetch GET 200 https://registry.npmjs.org/@babel%2fpreset-env 351ms (cache revalidated)
26 silly packumentCache full:https://registry.npmjs.org/@babel%2fpreset-env set size:997157 disposed:false
27 silly placeDep ROOT @babel/core@7.25.2 REPLACE for: my-project@1.0.0 want: *
28 silly placeDep ROOT @babel/preset-env@7.25.4 OK for: my-project@1.0.0 want: *
29 silly placeDep ROOT babel-jest@29.7.0 REPLACE for: my-project@1.0.0 want: *
30 silly fetch manifest @babel/plugin-bugfix-firefox-class-in-computed-class-key@^7.25.3
31 silly packumentCache full:https://registry.npmjs.org/@babel%2fplugin-bugfix-firefox-class-in-computed-class-key cache-miss
32 silly fetch manifest @babel/plugin-bugfix-safari-class-field-initializer-scope@^7.25.0
33 silly packumentCache full:https://registry.npmjs.org/@babel%2fplugin-bugfix-safari-class-field-initializer-scope cache-miss
34 silly fetch manifest @babel/plugin-bugfix-safari-id-destructuring-collision-in-function-expression@^7.25.0
35 silly packumentCache full:https://registry.npmjs.org/@babel%2fplugin-bugfix-safari-id-destructuring-collision-in-function-expression cache-miss
36 silly fetch manifest @babel/plugin-bugfix-v8-spread-parameters-in-optional-chaining@^7.24.7
37 silly packumentCache full:https://registry.npmjs.org/@babel%2fplugin-bugfix-v8-spread-parameters-in-optional-chaining cache-miss
38 silly fetch manifest @babel/plugin-bugfix-v8-static-class-fields-redefine-readonly@^7.25.0
39 silly packumentCache full:https://registry.npmjs.org/@babel%2fplugin-bugfix-v8-static-class-fields-redefine-readonly cache-miss
40 silly fetch manifest @babel/plugin-proposal-private-property-in-object@7.21.0-placeholder-for-preset-env.2
41 silly packumentCache full:https://registry.npmjs.org/@babel%2fplugin-proposal-private-property-in-object cache-miss
42 silly fetch manifest @babel/plugin-syntax-dynamic-import@^7.8.3
43 silly packumentCache full:https://registry.npmjs.org/@babel%2fplugin-syntax-dynamic-import cache-miss
44 silly fetch manifest @babel/plugin-syntax-export-namespace-from@^7.8.3
45 silly packumentCache full:https://registry.npmjs.org/@babel%2fplugin-syntax-export-namespace-from cache-miss
46 silly fetch manifest @babel/plugin-syntax-import-assertions@^7.24.7
47 silly packumentCache full:https://registry.npmjs.org/@babel%2fplugin-syntax-import-assertions cache-miss
48 silly fetch manifest @babel/plugin-syntax-unicode-sets-regex@^7.18.6
49 silly packumentCache full:https://registry.npmjs.org/@babel%2fplugin-syntax-unicode-sets-regex cache-miss
50 silly fetch manifest @babel/plugin-transform-arrow-functions@^7.24.7
51 silly packumentCache full:https://registry.npmjs.org/@babel%2fplugin-transform-arrow-functions cache-miss
52 http fetch GET 200 https://registry.npmjs.org/@babel%2fplugin-proposal-private-property-in-object 135ms (cache revalidated)
53 silly packumentCache full:https://registry.npmjs.org/@babel%2fplugin-proposal-private-property-in-object set size:80252 disposed:false
54 silly fetch manifest @babel/plugin-transform-async-generator-functions@^7.25.4
55 silly packumentCache full:https://registry.npmjs.org/@babel%2fplugin-transform-async-generator-functions cache-miss
56 http fetch GET 200 https://registry.npmjs.org/@babel%2fplugin-transform-async-generator-functions 116ms (cache revalidated)
57 silly packumentCache full:https://registry.npmjs.org/@babel%2fplugin-transform-async-generator-functions set size:68725 disposed:false
58 silly fetch manifest @babel/plugin-transform-async-to-generator@^7.24.7
59 silly packumentCache full:https://registry.npmjs.org/@babel%2fplugin-transform-async-to-generator cache-miss
60 http fetch GET 200 https://registry.npmjs.org/@babel%2fplugin-syntax-export-namespace-from 300ms (cache revalidated)
61 silly packumentCache full:https://registry.npmjs.org/@babel%2fplugin-syntax-export-namespace-from set size:77794 disposed:false
62 silly fetch manifest @babel/plugin-transform-block-scoped-functions@^7.24.7
63 silly packumentCache full:https://registry.npmjs.org/@babel%2fplugin-transform-block-scoped-functions cache-miss
64 http fetch GET 200 https://registry.npmjs.org/@babel%2fplugin-syntax-dynamic-import 305ms (cache revalidated)
65 silly packumentCache full:https://registry.npmjs.org/@babel%2fplugin-syntax-dynamic-import set size:81432 disposed:false
66 silly fetch manifest @babel/plugin-transform-block-scoping@^7.25.0
67 silly packumentCache full:https://registry.npmjs.org/@babel%2fplugin-transform-block-scoping cache-miss
68 http fetch GET 200 https://registry.npmjs.org/@babel%2fplugin-bugfix-v8-static-class-fields-redefine-readonly 321ms (cache revalidated)
69 silly packumentCache full:https://registry.npmjs.org/@babel%2fplugin-bugfix-v8-static-class-fields-redefine-readonly set size:32705 disposed:false
70 silly fetch manifest @babel/plugin-transform-class-properties@^7.25.4
71 silly packumentCache full:https://registry.npmjs.org/@babel%2fplugin-transform-class-properties cache-miss
72 http fetch GET 200 https://registry.npmjs.org/@babel%2fplugin-syntax-import-assertions 320ms (cache revalidated)
73 silly packumentCache full:https://registry.npmjs.org/@babel%2fplugin-syntax-import-assertions set size:72895 disposed:false
74 silly fetch manifest @babel/plugin-transform-class-static-block@^7.24.7
75 silly packumentCache full:https://registry.npmjs.org/@babel%2fplugin-transform-class-static-block cache-miss
76 http fetch GET 200 https://registry.npmjs.org/@babel%2fplugin-bugfix-firefox-class-in-computed-class-key 331ms (cache revalidated)
77 silly packumentCache full:https://registry.npmjs.org/@babel%2fplugin-bugfix-firefox-class-in-computed-class-key set size:25761 disposed:false
78 silly fetch manifest @babel/plugin-transform-classes@^7.25.4
79 silly packumentCache full:https://registry.npmjs.org/@babel%2fplugin-transform-classes cache-miss
80 http fetch GET 200 https://registry.npmjs.org/@babel%2fplugin-bugfix-safari-id-destructuring-collision-in-function-expression 332ms (cache revalidated)
81 silly packumentCache full:https://registry.npmjs.org/@babel%2fplugin-bugfix-safari-id-destructuring-collision-in-function-expression set size:80482 disposed:false
82 silly fetch manifest @babel/plugin-transform-computed-properties@^7.24.7
83 silly packumentCache full:https://registry.npmjs.org/@babel%2fplugin-transform-computed-properties cache-miss
84 http fetch GET 200 https://registry.npmjs.org/@babel%2fplugin-bugfix-safari-class-field-initializer-scope 341ms (cache revalidated)
85 silly packumentCache full:https://registry.npmjs.org/@babel%2fplugin-bugfix-safari-class-field-initializer-scope set size:5426 disposed:false
86 silly fetch manifest @babel/plugin-transform-destructuring@^7.24.8
87 silly packumentCache full:https://registry.npmjs.org/@babel%2fplugin-transform-destructuring cache-miss
88 http fetch GET 200 https://registry.npmjs.org/@babel%2fplugin-transform-async-to-generator 118ms (cache revalidated)
89 silly packumentCache full:https://registry.npmjs.org/@babel%2fplugin-transform-async-to-generator set size:198673 disposed:false
90 silly fetch manifest @babel/plugin-transform-dotall-regex@^7.24.7
91 silly packumentCache full:https://registry.npmjs.org/@babel%2fplugin-transform-dotall-regex cache-miss
92 http fetch GET 200 https://registry.npmjs.org/@babel%2fplugin-syntax-unicode-sets-regex 379ms (cache revalidated)
93 silly packumentCache full:https://registry.npmjs.org/@babel%2fplugin-syntax-unicode-sets-regex set size:22903 disposed:false
94 silly fetch manifest @babel/plugin-transform-duplicate-keys@^7.24.7
95 silly packumentCache full:https://registry.npmjs.org/@babel%2fplugin-transform-duplicate-keys cache-miss
96 http fetch GET 200 https://registry.npmjs.org/@babel%2fplugin-transform-block-scoped-functions 97ms (cache revalidated)
97 silly packumentCache full:https://registry.npmjs.org/@babel%2fplugin-transform-block-scoped-functions set size:164179 disposed:false
98 silly fetch manifest @babel/plugin-transform-duplicate-named-capturing-groups-regex@^7.25.0
99 silly packumentCache full:https://registry.npmjs.org/@babel%2fplugin-transform-duplicate-named-capturing-groups-regex cache-miss
100 http fetch GET 200 https://registry.npmjs.org/@babel%2fplugin-transform-block-scoping 109ms (cache revalidated)
101 silly packumentCache full:https://registry.npmjs.org/@babel%2fplugin-transform-block-scoping set size:266483 disposed:false
102 silly fetch manifest @babel/plugin-transform-dynamic-import@^7.24.7
103 silly packumentCache full:https://registry.npmjs.org/@babel%2fplugin-transform-dynamic-import cache-miss
104 http fetch GET 200 https://registry.npmjs.org/@babel%2fplugin-transform-class-static-block 110ms (cache revalidated)
105 silly packumentCache full:https://registry.npmjs.org/@babel%2fplugin-transform-class-static-block set size:49994 disposed:false
106 silly fetch manifest @babel/plugin-transform-exponentiation-operator@^7.24.7
107 silly packumentCache full:https://registry.npmjs.org/@babel%2fplugin-transform-exponentiation-operator cache-miss
108 http fetch GET 200 https://registry.npmjs.org/@babel%2fplugin-transform-computed-properties 116ms (cache revalidated)
109 silly packumentCache full:https://registry.npmjs.org/@babel%2fplugin-transform-computed-properties set size:177989 disposed:false
110 silly fetch manifest @babel/plugin-transform-export-namespace-from@^7.24.7
111 silly packumentCache full:https://registry.npmjs.org/@babel%2fplugin-transform-export-namespace-from cache-miss
112 http fetch GET 200 https://registry.npmjs.org/@babel%2fplugin-transform-destructuring 121ms (cache revalidated)
113 silly packumentCache full:https://registry.npmjs.org/@babel%2fplugin-transform-destructuring set size:248474 disposed:false
114 silly fetch manifest @babel/plugin-transform-for-of@^7.24.7
115 silly packumentCache full:https://registry.npmjs.org/@babel%2fplugin-transform-for-of cache-miss
116 http fetch GET 200 https://registry.npmjs.org/@babel%2fplugin-transform-arrow-functions 474ms (cache revalidated)
117 silly packumentCache full:https://registry.npmjs.org/@babel%2fplugin-transform-arrow-functions set size:172324 disposed:false
118 silly fetch manifest @babel/plugin-transform-function-name@^7.25.1
119 silly packumentCache full:https://registry.npmjs.org/@babel%2fplugin-transform-function-name cache-miss
120 http fetch GET 200 https://registry.npmjs.org/@babel%2fplugin-transform-duplicate-keys 107ms (cache revalidated)
121 silly packumentCache full:https://registry.npmjs.org/@babel%2fplugin-transform-duplicate-keys set size:167256 disposed:false
122 silly fetch manifest @babel/plugin-transform-json-strings@^7.24.7
123 silly packumentCache full:https://registry.npmjs.org/@babel%2fplugin-transform-json-strings cache-miss
124 http fetch GET 200 https://registry.npmjs.org/@babel%2fplugin-transform-dotall-regex 122ms (cache revalidated)
125 silly packumentCache full:https://registry.npmjs.org/@babel%2fplugin-transform-dotall-regex set size:176189 disposed:false
126 silly fetch manifest @babel/plugin-transform-literals@^7.25.2
127 silly packumentCache full:https://registry.npmjs.org/@babel%2fplugin-transform-literals cache-miss
128 http fetch GET 200 https://registry.npmjs.org/@babel%2fplugin-transform-duplicate-named-capturing-groups-regex 104ms (cache revalidated)
129 silly packumentCache full:https://registry.npmjs.org/@babel%2fplugin-transform-duplicate-named-capturing-groups-regex set size:5836 disposed:false
130 silly fetch manifest @babel/plugin-transform-logical-assignment-operators@^7.24.7
131 silly packumentCache full:https://registry.npmjs.org/@babel%2fplugin-transform-logical-assignment-operators cache-miss
132 http fetch GET 200 https://registry.npmjs.org/@babel%2fplugin-transform-dynamic-import 100ms (cache revalidated)
133 silly packumentCache full:https://registry.npmjs.org/@babel%2fplugin-transform-dynamic-import set size:41651 disposed:false
134 silly fetch manifest @babel/plugin-transform-member-expression-literals@^7.24.7
135 silly packumentCache full:https://registry.npmjs.org/@babel%2fplugin-transform-member-expression-literals cache-miss
136 http fetch GET 200 https://registry.npmjs.org/@babel%2fplugin-transform-exponentiation-operator 95ms (cache revalidated)
137 silly packumentCache full:https://registry.npmjs.org/@babel%2fplugin-transform-exponentiation-operator set size:170751 disposed:false
138 silly fetch manifest @babel/plugin-transform-modules-amd@^7.24.7
139 silly packumentCache full:https://registry.npmjs.org/@babel%2fplugin-transform-modules-amd cache-miss
140 http fetch GET 200 https://registry.npmjs.org/@babel%2fplugin-transform-for-of 111ms (cache revalidated)
141 silly packumentCache full:https://registry.npmjs.org/@babel%2fplugin-transform-for-of set size:198800 disposed:false
142 silly fetch manifest @babel/plugin-transform-modules-commonjs@^7.24.8
143 silly packumentCache full:https://registry.npmjs.org/@babel%2fplugin-transform-modules-commonjs cache-miss
144 http fetch GET 200 https://registry.npmjs.org/@babel%2fplugin-transform-export-namespace-from 134ms (cache revalidated)
145 silly packumentCache full:https://registry.npmjs.org/@babel%2fplugin-transform-export-namespace-from set size:44810 disposed:false
146 silly fetch manifest @babel/plugin-transform-modules-systemjs@^7.25.0
147 silly packumentCache full:https://registry.npmjs.org/@babel%2fplugin-transform-modules-systemjs cache-miss
148 http fetch GET 200 https://registry.npmjs.org/@babel%2fplugin-transform-json-strings 106ms (cache revalidated)
149 silly packumentCache full:https://registry.npmjs.org/@babel%2fplugin-transform-json-strings set size:44184 disposed:false
150 silly fetch manifest @babel/plugin-transform-modules-umd@^7.24.7
151 silly packumentCache full:https://registry.npmjs.org/@babel%2fplugin-transform-modules-umd cache-miss
152 http fetch GET 200 https://registry.npmjs.org/@babel%2fplugin-transform-literals 105ms (cache revalidated)
153 silly packumentCache full:https://registry.npmjs.org/@babel%2fplugin-transform-literals set size:163449 disposed:false
154 silly fetch manifest @babel/plugin-transform-named-capturing-groups-regex@^7.24.7
155 silly packumentCache full:https://registry.npmjs.org/@babel%2fplugin-transform-named-capturing-groups-regex cache-miss
156 http fetch GET 200 https://registry.npmjs.org/@babel%2fplugin-transform-logical-assignment-operators 123ms (cache revalidated)
157 silly packumentCache full:https://registry.npmjs.org/@babel%2fplugin-transform-logical-assignment-operators set size:48685 disposed:false
158 silly fetch manifest @babel/plugin-transform-new-target@^7.24.7
159 silly packumentCache full:https://registry.npmjs.org/@babel%2fplugin-transform-new-target cache-miss
160 http fetch GET 200 https://registry.npmjs.org/@babel%2fplugin-transform-modules-amd 100ms (cache revalidated)
161 silly packumentCache full:https://registry.npmjs.org/@babel%2fplugin-transform-modules-amd set size:204839 disposed:false
162 silly fetch manifest @babel/plugin-transform-nullish-coalescing-operator@^7.24.7
163 silly packumentCache full:https://registry.npmjs.org/@babel%2fplugin-transform-nullish-coalescing-operator cache-miss
164 http fetch GET 200 https://registry.npmjs.org/@babel%2fplugin-transform-function-name 155ms (cache revalidated)
165 silly packumentCache full:https://registry.npmjs.org/@babel%2fplugin-transform-function-name set size:183603 disposed:false
166 silly fetch manifest @babel/plugin-transform-numeric-separator@^7.24.7
167 silly packumentCache full:https://registry.npmjs.org/@babel%2fplugin-transform-numeric-separator cache-miss
168 http fetch GET 200 https://registry.npmjs.org/@babel%2fplugin-transform-member-expression-literals 120ms (cache revalidated)
169 silly packumentCache full:https://registry.npmjs.org/@babel%2fplugin-transform-member-expression-literals set size:164421 disposed:false
170 silly fetch manifest @babel/plugin-transform-object-rest-spread@^7.24.7
171 silly packumentCache full:https://registry.npmjs.org/@babel%2fplugin-transform-object-rest-spread cache-miss
172 http fetch GET 200 https://registry.npmjs.org/@babel%2fplugin-bugfix-v8-spread-parameters-in-optional-chaining 648ms (cache revalidated)
173 silly packumentCache full:https://registry.npmjs.org/@babel%2fplugin-bugfix-v8-spread-parameters-in-optional-chaining set size:95351 disposed:false
174 silly fetch manifest @babel/plugin-transform-object-super@^7.24.7
175 silly packumentCache full:https://registry.npmjs.org/@babel%2fplugin-transform-object-super cache-miss
176 http fetch GET 200 https://registry.npmjs.org/@babel%2fplugin-transform-class-properties 363ms (cache revalidated)
177 silly packumentCache full:https://registry.npmjs.org/@babel%2fplugin-transform-class-properties set size:44603 disposed:false
178 silly fetch manifest @babel/plugin-transform-optional-catch-binding@^7.24.7
179 silly packumentCache full:https://registry.npmjs.org/@babel%2fplugin-transform-optional-catch-binding cache-miss
180 http fetch GET 200 https://registry.npmjs.org/@babel%2fplugin-transform-modules-commonjs 112ms (cache revalidated)
181 silly packumentCache full:https://registry.npmjs.org/@babel%2fplugin-transform-modules-commonjs set size:261378 disposed:false
182 silly fetch manifest @babel/plugin-transform-optional-chaining@^7.24.8
183 silly packumentCache full:https://registry.npmjs.org/@babel%2fplugin-transform-optional-chaining cache-miss
184 http fetch GET 200 https://registry.npmjs.org/@babel%2fplugin-transform-modules-systemjs 111ms (cache revalidated)
185 silly packumentCache full:https://registry.npmjs.org/@babel%2fplugin-transform-modules-systemjs set size:254497 disposed:false
186 silly fetch manifest @babel/plugin-transform-parameters@^7.24.7
187 silly packumentCache full:https://registry.npmjs.org/@babel%2fplugin-transform-parameters cache-miss
188 http fetch GET 200 https://registry.npmjs.org/@babel%2fplugin-transform-modules-umd 106ms (cache revalidated)
189 silly packumentCache full:https://registry.npmjs.org/@babel%2fplugin-transform-modules-umd set size:182149 disposed:false
190 silly fetch manifest @babel/plugin-transform-private-methods@^7.25.4
191 silly packumentCache full:https://registry.npmjs.org/@babel%2fplugin-transform-private-methods cache-miss
192 http fetch GET 200 https://registry.npmjs.org/@babel%2fplugin-transform-classes 381ms (cache revalidated)
193 silly packumentCache full:https://registry.npmjs.org/@babel%2fplugin-transform-classes set size:281411 disposed:false
194 silly fetch manifest @babel/plugin-transform-private-property-in-object@^7.24.7
195 silly packumentCache full:https://registry.npmjs.org/@babel%2fplugin-transform-private-property-in-object cache-miss
196 http fetch GET 200 https://registry.npmjs.org/@babel%2fplugin-transform-named-capturing-groups-regex 129ms (cache revalidated)
197 silly packumentCache full:https://registry.npmjs.org/@babel%2fplugin-transform-named-capturing-groups-regex set size:143341 disposed:false
198 silly fetch manifest @babel/plugin-transform-property-literals@^7.24.7
199 silly packumentCache full:https://registry.npmjs.org/@babel%2fplugin-transform-property-literals cache-miss
200 http fetch GET 200 https://registry.npmjs.org/@babel%2fplugin-transform-numeric-separator 112ms (cache revalidated)
201 silly packumentCache full:https://registry.npmjs.org/@babel%2fplugin-transform-numeric-separator set size:46330 disposed:false
202 silly fetch manifest @babel/plugin-transform-regenerator@^7.24.7
203 silly packumentCache full:https://registry.npmjs.org/@babel%2fplugin-transform-regenerator cache-miss
204 http fetch GET 200 https://registry.npmjs.org/@babel%2fplugin-transform-nullish-coalescing-operator 118ms (cache revalidated)
205 silly packumentCache full:https://registry.npmjs.org/@babel%2fplugin-transform-nullish-coalescing-operator set size:45825 disposed:false
206 silly fetch manifest @babel/plugin-transform-reserved-words@^7.24.7
207 silly packumentCache full:https://registry.npmjs.org/@babel%2fplugin-transform-reserved-words cache-miss
208 http fetch GET 200 https://registry.npmjs.org/@babel%2fplugin-transform-object-rest-spread 118ms (cache revalidated)
209 silly packumentCache full:https://registry.npmjs.org/@babel%2fplugin-transform-object-rest-spread set size:53918 disposed:false
210 silly fetch manifest @babel/plugin-transform-shorthand-properties@^7.24.7
211 silly packumentCache full:https://registry.npmjs.org/@babel%2fplugin-transform-shorthand-properties cache-miss
212 http fetch GET 200 https://registry.npmjs.org/@babel%2fplugin-transform-object-super 115ms (cache revalidated)
213 silly packumentCache full:https://registry.npmjs.org/@babel%2fplugin-transform-object-super set size:166185 disposed:false
214 silly fetch manifest @babel/plugin-transform-spread@^7.24.7
215 silly packumentCache full:https://registry.npmjs.org/@babel%2fplugin-transform-spread cache-miss
216 http fetch GET 200 https://registry.npmjs.org/@babel%2fplugin-transform-optional-catch-binding 103ms (cache revalidated)
217 silly packumentCache full:https://registry.npmjs.org/@babel%2fplugin-transform-optional-catch-binding set size:44916 disposed:false
218 silly fetch manifest @babel/plugin-transform-sticky-regex@^7.24.7
219 silly packumentCache full:https://registry.npmjs.org/@babel%2fplugin-transform-sticky-regex cache-miss
220 http fetch GET 200 https://registry.npmjs.org/@babel%2fplugin-transform-parameters 102ms (cache revalidated)
221 silly packumentCache full:https://registry.npmjs.org/@babel%2fplugin-transform-parameters set size:235464 disposed:false
222 silly fetch manifest @babel/plugin-transform-template-literals@^7.24.7
223 silly packumentCache full:https://registry.npmjs.org/@babel%2fplugin-transform-template-literals cache-miss
224 http fetch GET 200 https://registry.npmjs.org/@babel%2fplugin-transform-private-methods 106ms (cache revalidated)
225 silly packumentCache full:https://registry.npmjs.org/@babel%2fplugin-transform-private-methods set size:42906 disposed:false
226 silly fetch manifest @babel/plugin-transform-typeof-symbol@^7.24.8
227 silly packumentCache full:https://registry.npmjs.org/@babel%2fplugin-transform-typeof-symbol cache-miss
228 http fetch GET 200 https://registry.npmjs.org/@babel%2fplugin-transform-optional-chaining 124ms (cache revalidated)
229 silly packumentCache full:https://registry.npmjs.org/@babel%2fplugin-transform-optional-chaining set size:62705 disposed:false
230 silly fetch manifest @babel/plugin-transform-unicode-escapes@^7.24.7
231 silly packumentCache full:https://registry.npmjs.org/@babel%2fplugin-transform-unicode-escapes cache-miss
232 http fetch GET 200 https://registry.npmjs.org/@babel%2fplugin-transform-private-property-in-object 106ms (cache revalidated)
233 silly packumentCache full:https://registry.npmjs.org/@babel%2fplugin-transform-private-property-in-object set size:50835 disposed:false
234 silly fetch manifest @babel/plugin-transform-unicode-property-regex@^7.24.7
235 silly packumentCache full:https://registry.npmjs.org/@babel%2fplugin-transform-unicode-property-regex cache-miss
236 http fetch GET 200 https://registry.npmjs.org/@babel%2fplugin-transform-property-literals 105ms (cache revalidated)
237 silly packumentCache full:https://registry.npmjs.org/@babel%2fplugin-transform-property-literals set size:160566 disposed:false
238 silly fetch manifest @babel/plugin-transform-unicode-regex@^7.24.7
239 silly packumentCache full:https://registry.npmjs.org/@babel%2fplugin-transform-unicode-regex cache-miss
240 http fetch GET 200 https://registry.npmjs.org/@babel%2fplugin-transform-regenerator 106ms (cache revalidated)
241 silly packumentCache full:https://registry.npmjs.org/@babel%2fplugin-transform-regenerator set size:206144 disposed:false
242 silly fetch manifest @babel/plugin-transform-unicode-sets-regex@^7.25.4
243 silly packumentCache full:https://registry.npmjs.org/@babel%2fplugin-transform-unicode-sets-regex cache-miss
244 http fetch GET 200 https://registry.npmjs.org/@babel%2fplugin-transform-reserved-words 107ms (cache revalidated)
245 silly packumentCache full:https://registry.npmjs.org/@babel%2fplugin-transform-reserved-words set size:160406 disposed:false
246 silly fetch manifest @babel/preset-modules@0.1.6-no-external-plugins
247 silly packumentCache full:https://registry.npmjs.org/@babel%2fpreset-modules cache-miss
248 http fetch GET 200 https://registry.npmjs.org/@babel%2fplugin-transform-shorthand-properties 117ms (cache revalidated)
249 silly packumentCache full:https://registry.npmjs.org/@babel%2fplugin-transform-shorthand-properties set size:160713 disposed:false
250 silly fetch manifest babel-plugin-polyfill-corejs2@^0.4.10
251 silly packumentCache full:https://registry.npmjs.org/babel-plugin-polyfill-corejs2 cache-miss
252 http fetch GET 200 https://registry.npmjs.org/@babel%2fplugin-transform-sticky-regex 101ms (cache revalidated)
253 silly packumentCache full:https://registry.npmjs.org/@babel%2fplugin-transform-sticky-regex set size:162375 disposed:false
254 silly fetch manifest babel-plugin-polyfill-corejs3@^0.10.6
255 silly packumentCache full:https://registry.npmjs.org/babel-plugin-polyfill-corejs3 cache-miss
256 http fetch GET 200 https://registry.npmjs.org/@babel%2fplugin-transform-spread 136ms (cache revalidated)
257 silly packumentCache full:https://registry.npmjs.org/@babel%2fplugin-transform-spread set size:185598 disposed:false
258 silly fetch manifest babel-plugin-polyfill-regenerator@^0.6.1
259 silly packumentCache full:https://registry.npmjs.org/babel-plugin-polyfill-regenerator cache-miss
260 http fetch GET 200 https://registry.npmjs.org/@babel%2fplugin-transform-template-literals 106ms (cache revalidated)
261 silly packumentCache full:https://registry.npmjs.org/@babel%2fplugin-transform-template-literals set size:181978 disposed:false
262 silly fetch manifest core-js-compat@^3.37.1
263 silly packumentCache full:https://registry.npmjs.org/core-js-compat cache-miss
264 http fetch GET 200 https://registry.npmjs.org/@babel%2fplugin-transform-unicode-escapes 105ms (cache revalidated)
265 silly packumentCache full:https://registry.npmjs.org/@babel%2fplugin-transform-unicode-escapes set size:84746 disposed:false
266 http fetch GET 200 https://registry.npmjs.org/@babel%2fplugin-transform-unicode-property-regex 105ms (cache revalidated)
267 silly packumentCache full:https://registry.npmjs.org/@babel%2fplugin-transform-unicode-property-regex set size:45067 disposed:false
268 http fetch GET 200 https://registry.npmjs.org/@babel%2fplugin-transform-typeof-symbol 116ms (cache revalidated)
269 silly packumentCache full:https://registry.npmjs.org/@babel%2fplugin-transform-typeof-symbol set size:183188 disposed:false
270 http fetch GET 200 https://registry.npmjs.org/@babel%2fplugin-transform-unicode-regex 102ms (cache revalidated)
271 silly packumentCache full:https://registry.npmjs.org/@babel%2fplugin-transform-unicode-regex set size:174548 disposed:false
272 http fetch GET 200 https://registry.npmjs.org/@babel%2fplugin-transform-unicode-sets-regex 97ms (cache revalidated)
273 silly packumentCache full:https://registry.npmjs.org/@babel%2fplugin-transform-unicode-sets-regex set size:47360 disposed:false
274 http fetch GET 200 https://registry.npmjs.org/@babel%2fpreset-modules 104ms (cache revalidated)
275 silly packumentCache full:https://registry.npmjs.org/@babel%2fpreset-modules set size:44615 disposed:false
276 http fetch GET 200 https://registry.npmjs.org/babel-plugin-polyfill-corejs2 96ms (cache revalidated)
277 silly packumentCache full:https://registry.npmjs.org/babel-plugin-polyfill-corejs2 set size:103988 disposed:false
278 http fetch GET 200 https://registry.npmjs.org/babel-plugin-polyfill-corejs3 89ms (cache revalidated)
279 silly packumentCache full:https://registry.npmjs.org/babel-plugin-polyfill-corejs3 set size:131328 disposed:false
280 http fetch GET 200 https://registry.npmjs.org/core-js-compat 94ms (cache revalidated)
281 silly packumentCache full:https://registry.npmjs.org/core-js-compat set size:326659 disposed:false
282 http fetch GET 200 https://registry.npmjs.org/babel-plugin-polyfill-regenerator 112ms (cache revalidated)
283 silly packumentCache full:https://registry.npmjs.org/babel-plugin-polyfill-regenerator set size:83188 disposed:false
284 http fetch GET 200 https://registry.npmjs.org/@babel%2fplugin-transform-new-target 444ms (cache revalidated)
285 silly packumentCache full:https://registry.npmjs.org/@babel%2fplugin-transform-new-target set size:176869 disposed:false
286 silly fetch manifest @babel/core@^7.0.0-0
287 silly packumentCache full:https://registry.npmjs.org/@babel%2fcore cache-hit
288 silly placeDep ROOT @babel/plugin-bugfix-firefox-class-in-computed-class-key@7.25.3 OK for: @babel/preset-env@7.25.4 want: ^7.25.3
289 silly placeDep ROOT @babel/plugin-bugfix-safari-class-field-initializer-scope@7.25.0 OK for: @babel/preset-env@7.25.4 want: ^7.25.0
290 silly placeDep ROOT @babel/plugin-bugfix-safari-id-destructuring-collision-in-function-expression@7.25.0 OK for: @babel/preset-env@7.25.4 want: ^7.25.0
291 silly placeDep ROOT @babel/plugin-bugfix-v8-spread-parameters-in-optional-chaining@7.24.7 OK for: @babel/preset-env@7.25.4 want: ^7.24.7
292 silly placeDep ROOT @babel/plugin-bugfix-v8-static-class-fields-redefine-readonly@7.25.0 OK for: @babel/preset-env@7.25.4 want: ^7.25.0
293 silly placeDep ROOT @babel/plugin-proposal-private-property-in-object@7.21.0-placeholder-for-preset-env.2 OK for: @babel/preset-env@7.25.4 want: 7.21.0-placeholder-for-preset-env.2
294 silly placeDep ROOT @babel/plugin-syntax-dynamic-import@7.8.3 OK for: @babel/preset-env@7.25.4 want: ^7.8.3
295 silly placeDep ROOT @babel/plugin-syntax-export-namespace-from@7.8.3 OK for: @babel/preset-env@7.25.4 want: ^7.8.3
296 silly placeDep ROOT @babel/plugin-syntax-import-assertions@7.25.6 OK for: @babel/preset-env@7.25.4 want: ^7.24.7
297 silly placeDep ROOT @babel/plugin-syntax-unicode-sets-regex@7.18.6 OK for: @babel/preset-env@7.25.4 want: ^7.18.6
298 silly placeDep ROOT @babel/plugin-transform-arrow-functions@7.24.7 OK for: @babel/preset-env@7.25.4 want: ^7.24.7
299 silly placeDep ROOT @babel/plugin-transform-async-generator-functions@7.25.4 OK for: @babel/preset-env@7.25.4 want: ^7.25.4
300 silly placeDep ROOT @babel/plugin-transform-async-to-generator@7.24.7 OK for: @babel/preset-env@7.25.4 want: ^7.24.7
301 silly placeDep ROOT @babel/plugin-transform-block-scoped-functions@7.24.7 OK for: @babel/preset-env@7.25.4 want: ^7.24.7
302 silly placeDep ROOT @babel/plugin-transform-block-scoping@7.25.0 OK for: @babel/preset-env@7.25.4 want: ^7.25.0
303 silly placeDep ROOT @babel/plugin-transform-class-properties@7.25.4 OK for: @babel/preset-env@7.25.4 want: ^7.25.4
304 silly placeDep ROOT @babel/plugin-transform-class-static-block@7.24.7 OK for: @babel/preset-env@7.25.4 want: ^7.24.7
305 silly placeDep ROOT @babel/plugin-transform-classes@7.25.4 OK for: @babel/preset-env@7.25.4 want: ^7.25.4
306 silly placeDep ROOT @babel/plugin-transform-computed-properties@7.24.7 OK for: @babel/preset-env@7.25.4 want: ^7.24.7
307 silly placeDep ROOT @babel/plugin-transform-destructuring@7.24.8 OK for: @babel/preset-env@7.25.4 want: ^7.24.8
308 silly placeDep ROOT @babel/plugin-transform-dotall-regex@7.24.7 OK for: @babel/preset-env@7.25.4 want: ^7.24.7
309 silly placeDep ROOT @babel/plugin-transform-duplicate-keys@7.24.7 OK for: @babel/preset-env@7.25.4 want: ^7.24.7
310 silly placeDep ROOT @babel/plugin-transform-duplicate-named-capturing-groups-regex@7.25.0 OK for: @babel/preset-env@7.25.4 want: ^7.25.0
311 silly placeDep ROOT @babel/plugin-transform-dynamic-import@7.24.7 OK for: @babel/preset-env@7.25.4 want: ^7.24.7
312 silly placeDep ROOT @babel/plugin-transform-exponentiation-operator@7.24.7 OK for: @babel/preset-env@7.25.4 want: ^7.24.7
313 silly placeDep ROOT @babel/plugin-transform-export-namespace-from@7.24.7 OK for: @babel/preset-env@7.25.4 want: ^7.24.7
314 silly placeDep ROOT @babel/plugin-transform-for-of@7.24.7 OK for: @babel/preset-env@7.25.4 want: ^7.24.7
315 silly placeDep ROOT @babel/plugin-transform-function-name@7.25.1 OK for: @babel/preset-env@7.25.4 want: ^7.25.1
316 silly placeDep ROOT @babel/plugin-transform-json-strings@7.24.7 OK for: @babel/preset-env@7.25.4 want: ^7.24.7
317 silly placeDep ROOT @babel/plugin-transform-literals@7.25.2 OK for: @babel/preset-env@7.25.4 want: ^7.25.2
318 silly placeDep ROOT @babel/plugin-transform-logical-assignment-operators@7.24.7 OK for: @babel/preset-env@7.25.4 want: ^7.24.7
319 silly placeDep ROOT @babel/plugin-transform-member-expression-literals@7.24.7 OK for: @babel/preset-env@7.25.4 want: ^7.24.7
320 silly placeDep ROOT @babel/plugin-transform-modules-amd@7.24.7 OK for: @babel/preset-env@7.25.4 want: ^7.24.7
321 silly placeDep ROOT @babel/plugin-transform-modules-commonjs@7.24.8 OK for: @babel/preset-env@7.25.4 want: ^7.24.8
322 silly placeDep ROOT @babel/plugin-transform-modules-systemjs@7.25.0 OK for: @babel/preset-env@7.25.4 want: ^7.25.0
323 silly placeDep ROOT @babel/plugin-transform-modules-umd@7.24.7 OK for: @babel/preset-env@7.25.4 want: ^7.24.7
324 silly placeDep ROOT @babel/plugin-transform-named-capturing-groups-regex@7.24.7 OK for: @babel/preset-env@7.25.4 want: ^7.24.7
325 silly placeDep ROOT @babel/plugin-transform-new-target@7.24.7 OK for: @babel/preset-env@7.25.4 want: ^7.24.7
326 silly placeDep ROOT @babel/plugin-transform-nullish-coalescing-operator@7.24.7 OK for: @babel/preset-env@7.25.4 want: ^7.24.7
327 silly placeDep ROOT @babel/plugin-transform-numeric-separator@7.24.7 OK for: @babel/preset-env@7.25.4 want: ^7.24.7
328 silly placeDep ROOT @babel/plugin-transform-object-rest-spread@7.24.7 OK for: @babel/preset-env@7.25.4 want: ^7.24.7
329 silly placeDep ROOT @babel/plugin-transform-object-super@7.24.7 OK for: @babel/preset-env@7.25.4 want: ^7.24.7
330 silly placeDep ROOT @babel/plugin-transform-optional-catch-binding@7.24.7 OK for: @babel/preset-env@7.25.4 want: ^7.24.7
331 silly placeDep ROOT @babel/plugin-transform-optional-chaining@7.24.8 OK for: @babel/preset-env@7.25.4 want: ^7.24.8
332 silly placeDep ROOT @babel/plugin-transform-parameters@7.24.7 OK for: @babel/preset-env@7.25.4 want: ^7.24.7
333 silly placeDep ROOT @babel/plugin-transform-private-methods@7.25.4 OK for: @babel/preset-env@7.25.4 want: ^7.25.4
334 silly placeDep ROOT @babel/plugin-transform-private-property-in-object@7.24.7 OK for: @babel/preset-env@7.25.4 want: ^7.24.7
335 silly placeDep ROOT @babel/plugin-transform-property-literals@7.24.7 OK for: @babel/preset-env@7.25.4 want: ^7.24.7
336 silly placeDep ROOT @babel/plugin-transform-regenerator@7.24.7 OK for: @babel/preset-env@7.25.4 want: ^7.24.7
337 silly placeDep ROOT @babel/plugin-transform-reserved-words@7.24.7 OK for: @babel/preset-env@7.25.4 want: ^7.24.7
338 silly placeDep ROOT @babel/plugin-transform-shorthand-properties@7.24.7 OK for: @babel/preset-env@7.25.4 want: ^7.24.7
339 silly placeDep ROOT @babel/plugin-transform-spread@7.24.7 OK for: @babel/preset-env@7.25.4 want: ^7.24.7
340 silly placeDep ROOT @babel/plugin-transform-sticky-regex@7.24.7 OK for: @babel/preset-env@7.25.4 want: ^7.24.7
341 silly placeDep ROOT @babel/plugin-transform-template-literals@7.24.7 OK for: @babel/preset-env@7.25.4 want: ^7.24.7
342 silly placeDep ROOT @babel/plugin-transform-typeof-symbol@7.24.8 OK for: @babel/preset-env@7.25.4 want: ^7.24.8
343 silly placeDep ROOT @babel/plugin-transform-unicode-escapes@7.24.7 OK for: @babel/preset-env@7.25.4 want: ^7.24.7
344 silly placeDep ROOT @babel/plugin-transform-unicode-property-regex@7.24.7 OK for: @babel/preset-env@7.25.4 want: ^7.24.7
345 silly placeDep ROOT @babel/plugin-transform-unicode-regex@7.24.7 OK for: @babel/preset-env@7.25.4 want: ^7.24.7
346 silly placeDep ROOT @babel/plugin-transform-unicode-sets-regex@7.25.4 OK for: @babel/preset-env@7.25.4 want: ^7.25.4
347 silly placeDep ROOT @babel/preset-modules@0.1.6-no-external-plugins OK for: @babel/preset-env@7.25.4 want: 0.1.6-no-external-plugins
348 silly placeDep ROOT babel-plugin-polyfill-corejs2@0.4.11 OK for: @babel/preset-env@7.25.4 want: ^0.4.10
349 silly placeDep ROOT babel-plugin-polyfill-corejs3@0.10.6 OK for: @babel/preset-env@7.25.4 want: ^0.10.6
350 silly placeDep ROOT babel-plugin-polyfill-regenerator@0.6.2 OK for: @babel/preset-env@7.25.4 want: ^0.6.1
351 silly placeDep ROOT core-js-compat@3.38.1 OK for: @babel/preset-env@7.25.4 want: ^3.37.1
352 silly fetch manifest @babel/plugin-transform-optional-chaining@^7.24.7
353 silly packumentCache full:https://registry.npmjs.org/@babel%2fplugin-transform-optional-chaining cache-hit
354 silly fetch manifest @babel/helper-skip-transparent-expression-wrappers@^7.24.7
355 silly packumentCache full:https://registry.npmjs.org/@babel%2fhelper-skip-transparent-expression-wrappers cache-miss
356 silly fetch manifest @babel/helper-create-regexp-features-plugin@^7.18.6
357 silly packumentCache full:https://registry.npmjs.org/@babel%2fhelper-create-regexp-features-plugin cache-miss
358 silly fetch manifest @babel/helper-remap-async-to-generator@^7.25.0
359 silly packumentCache full:https://registry.npmjs.org/@babel%2fhelper-remap-async-to-generator cache-miss
360 silly fetch manifest @babel/helper-remap-async-to-generator@^7.24.7
361 silly packumentCache full:https://registry.npmjs.org/@babel%2fhelper-remap-async-to-generator cache-miss
362 silly fetch manifest @babel/helper-create-class-features-plugin@^7.25.4
363 silly packumentCache full:https://registry.npmjs.org/@babel%2fhelper-create-class-features-plugin cache-miss
364 silly fetch manifest @babel/helper-create-class-features-plugin@^7.24.7
365 silly packumentCache full:https://registry.npmjs.org/@babel%2fhelper-create-class-features-plugin cache-miss
366 silly fetch manifest @babel/helper-annotate-as-pure@^7.24.7
367 silly packumentCache full:https://registry.npmjs.org/@babel%2fhelper-annotate-as-pure cache-miss
368 silly fetch manifest @babel/helper-replace-supers@^7.25.0
369 silly packumentCache full:https://registry.npmjs.org/@babel%2fhelper-replace-supers cache-miss
370 silly fetch manifest @babel/helper-create-regexp-features-plugin@^7.24.7
371 silly packumentCache full:https://registry.npmjs.org/@babel%2fhelper-create-regexp-features-plugin cache-miss
372 silly fetch manifest @babel/helper-create-regexp-features-plugin@^7.25.0
373 silly packumentCache full:https://registry.npmjs.org/@babel%2fhelper-create-regexp-features-plugin cache-miss
374 silly fetch manifest @babel/helper-builder-binary-assignment-operator-visitor@^7.24.7
375 silly packumentCache full:https://registry.npmjs.org/@babel%2fhelper-builder-binary-assignment-operator-visitor cache-miss
376 http fetch GET 200 https://registry.npmjs.org/@babel%2fhelper-remap-async-to-generator 114ms (cache revalidated)
377 silly packumentCache full:https://registry.npmjs.org/@babel%2fhelper-remap-async-to-generator set size:184988 disposed:false
378 silly fetch manifest @babel/helper-skip-transparent-expression-wrappers@^7.24.7
379 silly packumentCache full:https://registry.npmjs.org/@babel%2fhelper-skip-transparent-expression-wrappers cache-miss
380 http fetch GET 200 https://registry.npmjs.org/@babel%2fhelper-create-regexp-features-plugin 125ms (cache revalidated)
381 silly packumentCache full:https://registry.npmjs.org/@babel%2fhelper-create-regexp-features-plugin set size:138171 disposed:false
382 silly fetch manifest @babel/helper-create-regexp-features-plugin@^7.24.7
383 silly packumentCache full:https://registry.npmjs.org/@babel%2fhelper-create-regexp-features-plugin cache-hit
384 silly fetch manifest @babel/helper-replace-supers@^7.24.7
385 silly packumentCache full:https://registry.npmjs.org/@babel%2fhelper-replace-supers cache-miss
386 http fetch GET 200 https://registry.npmjs.org/@babel%2fhelper-create-regexp-features-plugin 126ms (cache revalidated)
387 silly packumentCache full:https://registry.npmjs.org/@babel%2fhelper-create-regexp-features-plugin set size:138171 disposed:false
388 silly packumentCache full:https://registry.npmjs.org/@babel%2fhelper-create-regexp-features-plugin dispose
389 silly fetch manifest @babel/helper-skip-transparent-expression-wrappers@^7.24.7
390 silly packumentCache full:https://registry.npmjs.org/@babel%2fhelper-skip-transparent-expression-wrappers cache-miss
391 http fetch GET 200 https://registry.npmjs.org/@babel%2fhelper-create-class-features-plugin 130ms (cache revalidated)
392 silly packumentCache full:https://registry.npmjs.org/@babel%2fhelper-create-class-features-plugin set size:315942 disposed:false
393 silly fetch manifest @babel/helper-create-class-features-plugin@^7.25.4
394 silly packumentCache full:https://registry.npmjs.org/@babel%2fhelper-create-class-features-plugin cache-hit
395 silly fetch manifest @babel/helper-annotate-as-pure@^7.24.7
396 silly packumentCache full:https://registry.npmjs.org/@babel%2fhelper-annotate-as-pure cache-miss
397 http fetch GET 200 https://registry.npmjs.org/@babel%2fhelper-create-regexp-features-plugin 134ms (cache revalidated)
398 silly packumentCache full:https://registry.npmjs.org/@babel%2fhelper-create-regexp-features-plugin set size:138171 disposed:true
399 silly packumentCache full:https://registry.npmjs.org/@babel%2fhelper-create-regexp-features-plugin dispose
400 silly fetch manifest regenerator-transform@^0.15.2
401 silly packumentCache full:https://registry.npmjs.org/regenerator-transform cache-miss
402 http fetch GET 200 https://registry.npmjs.org/@babel%2fhelper-remap-async-to-generator 149ms (cache revalidated)
403 silly packumentCache full:https://registry.npmjs.org/@babel%2fhelper-remap-async-to-generator set size:184988 disposed:false
404 silly packumentCache full:https://registry.npmjs.org/@babel%2fhelper-remap-async-to-generator dispose
405 silly fetch manifest @babel/helper-skip-transparent-expression-wrappers@^7.24.7
406 silly packumentCache full:https://registry.npmjs.org/@babel%2fhelper-skip-transparent-expression-wrappers cache-miss
407 http fetch GET 200 https://registry.npmjs.org/@babel%2fhelper-create-class-features-plugin 151ms (cache revalidated)
408 silly packumentCache full:https://registry.npmjs.org/@babel%2fhelper-create-class-features-plugin set size:315942 disposed:false
409 silly packumentCache full:https://registry.npmjs.org/@babel%2fhelper-create-class-features-plugin dispose
410 silly fetch manifest @babel/helper-create-regexp-features-plugin@^7.25.2
411 silly packumentCache full:https://registry.npmjs.org/@babel%2fhelper-create-regexp-features-plugin cache-hit
412 silly fetch manifest esutils@^2.0.2
413 silly packumentCache full:https://registry.npmjs.org/esutils cache-miss
414 http fetch GET 200 https://registry.npmjs.org/@babel%2fhelper-skip-transparent-expression-wrappers 157ms (cache revalidated)
415 silly packumentCache full:https://registry.npmjs.org/@babel%2fhelper-skip-transparent-expression-wrappers set size:65639 disposed:false
416 silly fetch manifest @babel/helper-define-polyfill-provider@^0.6.2
417 silly packumentCache full:https://registry.npmjs.org/@babel%2fhelper-define-polyfill-provider cache-miss
418 http fetch GET 200 https://registry.npmjs.org/@babel%2fhelper-builder-binary-assignment-operator-visitor 156ms (cache revalidated)
419 silly packumentCache full:https://registry.npmjs.org/@babel%2fhelper-builder-binary-assignment-operator-visitor set size:173655 disposed:false
420 silly fetch manifest @babel/helper-define-polyfill-provider@^0.6.2
421 silly packumentCache full:https://registry.npmjs.org/@babel%2fhelper-define-polyfill-provider cache-miss
422 http fetch GET 200 https://registry.npmjs.org/@babel%2fhelper-replace-supers 167ms (cache revalidated)
423 silly packumentCache full:https://registry.npmjs.org/@babel%2fhelper-replace-supers set size:222352 disposed:false
424 silly fetch manifest core-js-compat@^3.38.0
425 silly packumentCache full:https://registry.npmjs.org/core-js-compat cache-hit
426 silly fetch manifest @babel/helper-define-polyfill-provider@^0.6.2
427 silly packumentCache full:https://registry.npmjs.org/@babel%2fhelper-define-polyfill-provider cache-miss
428 http fetch GET 200 https://registry.npmjs.org/@babel%2fhelper-annotate-as-pure 173ms (cache revalidated)
429 silly packumentCache full:https://registry.npmjs.org/@babel%2fhelper-annotate-as-pure set size:140307 disposed:false
430 http fetch GET 200 https://registry.npmjs.org/@babel%2fhelper-skip-transparent-expression-wrappers 37ms (cache hit)
431 silly packumentCache full:https://registry.npmjs.org/@babel%2fhelper-skip-transparent-expression-wrappers set size:65639 disposed:false
432 silly packumentCache full:https://registry.npmjs.org/@babel%2fhelper-skip-transparent-expression-wrappers dispose
433 http fetch GET 200 https://registry.npmjs.org/@babel%2fhelper-skip-transparent-expression-wrappers 128ms (cache revalidated)
434 silly packumentCache full:https://registry.npmjs.org/@babel%2fhelper-skip-transparent-expression-wrappers set size:65639 disposed:true
435 silly packumentCache full:https://registry.npmjs.org/@babel%2fhelper-skip-transparent-expression-wrappers dispose
436 http fetch GET 200 https://registry.npmjs.org/@babel%2fhelper-replace-supers 135ms (cache revalidated)
437 silly packumentCache full:https://registry.npmjs.org/@babel%2fhelper-replace-supers set size:222352 disposed:false
438 silly packumentCache full:https://registry.npmjs.org/@babel%2fhelper-replace-supers dispose
439 http fetch GET 200 https://registry.npmjs.org/esutils 113ms (cache revalidated)
440 silly packumentCache full:https://registry.npmjs.org/esutils set size:29522 disposed:false
441 http fetch GET 200 https://registry.npmjs.org/regenerator-transform 131ms (cache revalidated)
442 silly packumentCache full:https://registry.npmjs.org/regenerator-transform set size:74678 disposed:false
443 http fetch GET 200 https://registry.npmjs.org/@babel%2fhelper-skip-transparent-expression-wrappers 150ms (cache revalidated)
444 silly packumentCache full:https://registry.npmjs.org/@babel%2fhelper-skip-transparent-expression-wrappers set size:65639 disposed:true
445 silly packumentCache full:https://registry.npmjs.org/@babel%2fhelper-skip-transparent-expression-wrappers dispose
446 http fetch GET 200 https://registry.npmjs.org/@babel%2fhelper-annotate-as-pure 150ms (cache revalidated)
447 silly packumentCache full:https://registry.npmjs.org/@babel%2fhelper-annotate-as-pure set size:140307 disposed:false
448 silly packumentCache full:https://registry.npmjs.org/@babel%2fhelper-annotate-as-pure dispose
449 http fetch GET 200 https://registry.npmjs.org/@babel%2fhelper-define-polyfill-provider 134ms (cache revalidated)
450 silly packumentCache full:https://registry.npmjs.org/@babel%2fhelper-define-polyfill-provider set size:95995 disposed:false
451 http fetch GET 200 https://registry.npmjs.org/@babel%2fhelper-define-polyfill-provider 126ms (cache revalidated)
452 silly packumentCache full:https://registry.npmjs.org/@babel%2fhelper-define-polyfill-provider set size:95995 disposed:false
453 silly packumentCache full:https://registry.npmjs.org/@babel%2fhelper-define-polyfill-provider dispose
454 http fetch GET 200 https://registry.npmjs.org/@babel%2fhelper-define-polyfill-provider 140ms (cache revalidated)
455 silly packumentCache full:https://registry.npmjs.org/@babel%2fhelper-define-polyfill-provider set size:95995 disposed:true
456 silly packumentCache full:https://registry.npmjs.org/@babel%2fhelper-define-polyfill-provider dispose
457 silly placeDep ROOT @babel/helper-skip-transparent-expression-wrappers@7.24.7 OK for: @babel/plugin-bugfix-v8-spread-parameters-in-optional-chaining@7.24.7 want: ^7.24.7
458 silly fetch manifest @babel/core@^7.0.0
459 silly packumentCache full:https://registry.npmjs.org/@babel%2fcore cache-hit
460 silly placeDep ROOT @babel/helper-create-regexp-features-plugin@7.25.2 OK for: @babel/plugin-syntax-unicode-sets-regex@7.18.6 want: ^7.18.6
461 silly fetch manifest regexpu-core@^5.3.1
462 silly packumentCache full:https://registry.npmjs.org/regexpu-core cache-miss
463 http fetch GET 200 https://registry.npmjs.org/regexpu-core 95ms (cache revalidated)
464 silly packumentCache full:https://registry.npmjs.org/regexpu-core set size:141820 disposed:false
465 silly placeDep ROOT @babel/helper-annotate-as-pure@7.24.7 OK for: @babel/helper-create-regexp-features-plugin@7.25.2 want: ^7.24.7
466 silly placeDep ROOT regexpu-core@5.3.2 OK for: @babel/helper-create-regexp-features-plugin@7.25.2 want: ^5.3.1
467 silly fetch manifest regenerate@^1.4.2
468 silly packumentCache full:https://registry.npmjs.org/regenerate cache-miss
469 silly fetch manifest regenerate-unicode-properties@^10.1.0
470 silly packumentCache full:https://registry.npmjs.org/regenerate-unicode-properties cache-miss
471 silly fetch manifest @babel/regjsgen@^0.8.0
472 silly packumentCache full:https://registry.npmjs.org/@babel%2fregjsgen cache-miss
473 silly fetch manifest regjsparser@^0.9.1
474 silly packumentCache full:https://registry.npmjs.org/regjsparser cache-miss
475 silly fetch manifest unicode-match-property-ecmascript@^2.0.0
476 silly packumentCache full:https://registry.npmjs.org/unicode-match-property-ecmascript cache-miss
477 silly fetch manifest unicode-match-property-value-ecmascript@^2.1.0
478 silly packumentCache full:https://registry.npmjs.org/unicode-match-property-value-ecmascript cache-miss
479 http fetch GET 200 https://registry.npmjs.org/regenerate-unicode-properties 88ms (cache revalidated)
480 silly packumentCache full:https://registry.npmjs.org/regenerate-unicode-properties set size:74332 disposed:false
481 http fetch GET 200 https://registry.npmjs.org/regenerate 94ms (cache revalidated)
482 silly packumentCache full:https://registry.npmjs.org/regenerate set size:56872 disposed:false
483 http fetch GET 200 https://registry.npmjs.org/unicode-match-property-value-ecmascript 98ms (cache revalidated)
484 silly packumentCache full:https://registry.npmjs.org/unicode-match-property-value-ecmascript set size:24390 disposed:false
485 http fetch GET 200 https://registry.npmjs.org/unicode-match-property-ecmascript 100ms (cache revalidated)
486 silly packumentCache full:https://registry.npmjs.org/unicode-match-property-ecmascript set size:16934 disposed:false
487 http fetch GET 200 https://registry.npmjs.org/@babel%2fregjsgen 124ms (cache revalidated)
488 silly packumentCache full:https://registry.npmjs.org/@babel%2fregjsgen set size:5204 disposed:false
489 http fetch GET 200 https://registry.npmjs.org/regjsparser 384ms (cache revalidated)
490 silly packumentCache full:https://registry.npmjs.org/regjsparser set size:72375 disposed:false
491 silly placeDep ROOT @babel/helper-remap-async-to-generator@7.25.0 OK for: @babel/plugin-transform-async-generator-functions@7.25.4 want: ^7.25.0
492 silly fetch manifest @babel/helper-wrap-function@^7.25.0
493 silly packumentCache full:https://registry.npmjs.org/@babel%2fhelper-wrap-function cache-miss
494 http fetch GET 200 https://registry.npmjs.org/@babel%2fhelper-wrap-function 123ms (cache revalidated)
495 silly packumentCache full:https://registry.npmjs.org/@babel%2fhelper-wrap-function set size:182438 disposed:false
496 silly placeDep ROOT @babel/helper-wrap-function@7.25.0 OK for: @babel/helper-remap-async-to-generator@7.25.0 want: ^7.25.0
497 silly placeDep ROOT @babel/helper-create-class-features-plugin@7.25.4 OK for: @babel/plugin-transform-class-properties@7.25.4 want: ^7.25.4
498 silly fetch manifest @babel/helper-member-expression-to-functions@^7.24.8
499 silly packumentCache full:https://registry.npmjs.org/@babel%2fhelper-member-expression-to-functions cache-miss
500 silly fetch manifest @babel/helper-optimise-call-expression@^7.24.7
501 silly packumentCache full:https://registry.npmjs.org/@babel%2fhelper-optimise-call-expression cache-miss
502 http fetch GET 200 https://registry.npmjs.org/@babel%2fhelper-optimise-call-expression 100ms (cache revalidated)
503 silly packumentCache full:https://registry.npmjs.org/@babel%2fhelper-optimise-call-expression set size:152052 disposed:false
504 http fetch GET 200 https://registry.npmjs.org/@babel%2fhelper-member-expression-to-functions 120ms (cache revalidated)
505 silly packumentCache full:https://registry.npmjs.org/@babel%2fhelper-member-expression-to-functions set size:185948 disposed:false
506 silly placeDep ROOT @babel/helper-member-expression-to-functions@7.24.8 OK for: @babel/helper-create-class-features-plugin@7.25.4 want: ^7.24.8
507 silly placeDep ROOT @babel/helper-optimise-call-expression@7.24.7 OK for: @babel/helper-create-class-features-plugin@7.25.4 want: ^7.24.7
508 silly placeDep ROOT @babel/helper-replace-supers@7.25.0 OK for: @babel/helper-create-class-features-plugin@7.25.4 want: ^7.25.0
509 silly placeDep ROOT @babel/helper-builder-binary-assignment-operator-visitor@7.24.7 OK for: @babel/plugin-transform-exponentiation-operator@7.24.7 want: ^7.24.7
510 silly placeDep ROOT regenerator-transform@0.15.2 OK for: @babel/plugin-transform-regenerator@7.24.7 want: ^0.15.2
511 silly fetch manifest @babel/runtime@^7.8.4
512 silly packumentCache full:https://registry.npmjs.org/@babel%2fruntime cache-miss
513 http fetch GET 200 https://registry.npmjs.org/@babel%2fruntime 108ms (cache revalidated)
514 silly packumentCache full:https://registry.npmjs.org/@babel%2fruntime set size:2635367 disposed:false
515 silly placeDep ROOT esutils@2.0.3 OK for: @babel/preset-modules@0.1.6-no-external-plugins want: ^2.0.2
516 silly fetch manifest @babel/core@^7.4.0 || ^8.0.0-0 <8.0.0
517 silly packumentCache full:https://registry.npmjs.org/@babel%2fcore cache-hit
518 silly placeDep ROOT @babel/helper-define-polyfill-provider@0.6.2 OK for: babel-plugin-polyfill-corejs2@0.4.11 want: ^0.6.2
519 silly fetch manifest lodash.debounce@^4.0.8
520 silly packumentCache full:https://registry.npmjs.org/lodash.debounce cache-miss
521 http fetch GET 200 https://registry.npmjs.org/lodash.debounce 93ms (cache revalidated)
522 silly packumentCache full:https://registry.npmjs.org/lodash.debounce set size:44123 disposed:false
523 silly placeDep ROOT lodash.debounce@4.0.8 OK for: @babel/helper-define-polyfill-provider@0.6.2 want: ^4.0.8
524 silly placeDep ROOT @babel/runtime@7.25.6 OK for: regenerator-transform@0.15.2 want: ^7.8.4
525 silly fetch manifest regenerator-runtime@^0.14.0
526 silly packumentCache full:https://registry.npmjs.org/regenerator-runtime cache-miss
527 http fetch GET 200 https://registry.npmjs.org/regenerator-runtime 87ms (cache revalidated)
528 silly packumentCache full:https://registry.npmjs.org/regenerator-runtime set size:59671 disposed:false
529 silly placeDep ROOT regenerator-runtime@0.14.1 OK for: @babel/runtime@7.25.6 want: ^0.14.0
530 silly placeDep ROOT @babel/regjsgen@0.8.0 OK for: regexpu-core@5.3.2 want: ^0.8.0
531 silly placeDep ROOT regenerate@1.4.2 OK for: regexpu-core@5.3.2 want: ^1.4.2
532 silly placeDep ROOT regenerate-unicode-properties@10.2.0 OK for: regexpu-core@5.3.2 want: ^10.1.0
533 silly placeDep ROOT regjsparser@0.9.1 OK for: regexpu-core@5.3.2 want: ^0.9.1
534 silly placeDep ROOT unicode-match-property-ecmascript@2.0.0 OK for: regexpu-core@5.3.2 want: ^2.0.0
535 silly placeDep ROOT unicode-match-property-value-ecmascript@2.2.0 OK for: regexpu-core@5.3.2 want: ^2.1.0
536 silly fetch manifest jsesc@~0.5.0
537 silly packumentCache full:https://registry.npmjs.org/jsesc cache-miss
538 silly fetch manifest unicode-canonical-property-names-ecmascript@^2.0.0
539 silly packumentCache full:https://registry.npmjs.org/unicode-canonical-property-names-ecmascript cache-miss
540 silly fetch manifest unicode-property-aliases-ecmascript@^2.0.0
541 silly packumentCache full:https://registry.npmjs.org/unicode-property-aliases-ecmascript cache-miss
542 http fetch GET 200 https://registry.npmjs.org/jsesc 10ms (cache hit)
543 silly packumentCache full:https://registry.npmjs.org/jsesc set size:59783 disposed:false
544 http fetch GET 200 https://registry.npmjs.org/unicode-property-aliases-ecmascript 93ms (cache revalidated)
545 silly packumentCache full:https://registry.npmjs.org/unicode-property-aliases-ecmascript set size:25944 disposed:false
546 http fetch GET 200 https://registry.npmjs.org/unicode-canonical-property-names-ecmascript 139ms (cache revalidated)
547 silly packumentCache full:https://registry.npmjs.org/unicode-canonical-property-names-ecmascript set size:17227 disposed:false
548 silly placeDep node_modules/regjsparser jsesc@0.5.0 OK for: regjsparser@0.9.1 want: ~0.5.0
549 silly placeDep ROOT unicode-canonical-property-names-ecmascript@2.0.1 OK for: unicode-match-property-ecmascript@2.0.0 want: ^2.0.0
550 silly placeDep ROOT unicode-property-aliases-ecmascript@2.1.0 OK for: unicode-match-property-ecmascript@2.0.0 want: ^2.0.0
551 silly reify moves {}
552 silly audit bulk request {
552 silly audit   '@ampproject/remapping': [ '2.3.0' ],
552 silly audit   '@babel/code-frame': [ '7.24.7' ],
552 silly audit   '@babel/compat-data': [ '7.25.4' ],
552 silly audit   '@babel/generator': [ '7.25.6' ],
552 silly audit   '@babel/helper-compilation-targets': [ '7.25.2' ],
552 silly audit   '@babel/helper-module-imports': [ '7.24.7' ],
552 silly audit   '@babel/helper-module-transforms': [ '7.25.2' ],
552 silly audit   '@babel/helper-plugin-utils': [ '7.24.8' ],
552 silly audit   '@babel/helper-simple-access': [ '7.24.7' ],
552 silly audit   '@babel/helper-string-parser': [ '7.24.8' ],
552 silly audit   '@babel/helper-validator-identifier': [ '7.24.7' ],
552 silly audit   '@babel/helper-validator-option': [ '7.24.8' ],
552 silly audit   '@babel/helpers': [ '7.25.6' ],
552 silly audit   '@babel/highlight': [ '7.24.7' ],
552 silly audit   'ansi-styles': [ '3.2.1', '4.3.0', '5.2.0' ],
552 silly audit   chalk: [ '2.4.2', '4.1.2' ],
552 silly audit   'color-convert': [ '1.9.3', '2.0.1' ],
552 silly audit   'color-name': [ '1.1.3', '1.1.4' ],
552 silly audit   'escape-string-regexp': [ '1.0.5', '2.0.0' ],
552 silly audit   'has-flag': [ '3.0.0', '4.0.0' ],
552 silly audit   'supports-color': [ '5.5.0', '8.1.1', '7.2.0' ],
552 silly audit   '@babel/parser': [ '7.25.6' ],
552 silly audit   '@babel/plugin-syntax-async-generators': [ '7.8.4' ],
552 silly audit   '@babel/plugin-syntax-bigint': [ '7.8.3' ],
552 silly audit   '@babel/plugin-syntax-class-properties': [ '7.12.13' ],
552 silly audit   '@babel/plugin-syntax-class-static-block': [ '7.14.5' ],
552 silly audit   '@babel/plugin-syntax-import-attributes': [ '7.25.6' ],
552 silly audit   '@babel/plugin-syntax-import-meta': [ '7.10.4' ],
552 silly audit   '@babel/plugin-syntax-json-strings': [ '7.8.3' ],
552 silly audit   '@babel/plugin-syntax-jsx': [ '7.24.7' ],
552 silly audit   '@babel/plugin-syntax-logical-assignment-operators': [ '7.10.4' ],
552 silly audit   '@babel/plugin-syntax-nullish-coalescing-operator': [ '7.8.3' ],
552 silly audit   '@babel/plugin-syntax-numeric-separator': [ '7.10.4' ],
552 silly audit   '@babel/plugin-syntax-object-rest-spread': [ '7.8.3' ],
552 silly audit   '@babel/plugin-syntax-optional-catch-binding': [ '7.8.3' ],
552 silly audit   '@babel/plugin-syntax-optional-chaining': [ '7.8.3' ],
552 silly audit   '@babel/plugin-syntax-private-property-in-object': [ '7.14.5' ],
552 silly audit   '@babel/plugin-syntax-top-level-await': [ '7.14.5' ],
552 silly audit   '@babel/plugin-syntax-typescript': [ '7.25.4' ],
552 silly audit   '@babel/template': [ '7.25.0' ],
552 silly audit   '@babel/traverse': [ '7.25.6' ],
552 silly audit   '@babel/types': [ '7.25.6' ],
552 silly audit   '@bcoe/v8-coverage': [ '0.2.3' ],
552 silly audit   '@istanbuljs/load-nyc-config': [ '1.1.0' ],
552 silly audit   '@istanbuljs/schema': [ '0.1.3' ],
552 silly audit   '@jest/console': [ '29.7.0' ],
552 silly audit   '@jest/core': [ '29.7.0' ],
552 silly audit   '@jest/environment': [ '29.7.0' ],
552 silly audit   '@jest/expect': [ '29.7.0' ],
552 silly audit   '@jest/expect-utils': [ '29.7.0' ],
552 silly audit   '@jest/fake-timers': [ '29.7.0' ],
552 silly audit   '@jest/globals': [ '29.7.0' ],
552 silly audit   '@jest/reporters': [ '29.7.0' ],
552 silly audit   '@jest/schemas': [ '29.6.3' ],
552 silly audit   '@jest/source-map': [ '29.6.3' ],
552 silly audit   '@jest/test-result': [ '29.7.0' ],
552 silly audit   '@jest/test-sequencer': [ '29.7.0' ],
552 silly audit   '@jest/transform': [ '29.7.0' ],
552 silly audit   '@jest/types': [ '29.6.3' ],
552 silly audit   '@jridgewell/gen-mapping': [ '0.3.5' ],
552 silly audit   '@jridgewell/resolve-uri': [ '3.1.2' ],
552 silly audit   '@jridgewell/set-array': [ '1.2.1' ],
552 silly audit   '@jridgewell/sourcemap-codec': [ '1.5.0' ],
552 silly audit   '@jridgewell/trace-mapping': [ '0.3.25' ],
552 silly audit   '@sinclair/typebox': [ '0.27.8' ],
552 silly audit   '@sinonjs/commons': [ '3.0.1' ],
552 silly audit   '@sinonjs/fake-timers': [ '10.3.0' ],
552 silly audit   '@types/babel__core': [ '7.20.5' ],
552 silly audit   '@types/babel__generator': [ '7.6.8' ],
552 silly audit   '@types/babel__template': [ '7.4.4' ],
552 silly audit   '@types/babel__traverse': [ '7.20.6' ],
552 silly audit   '@types/graceful-fs': [ '4.1.9' ],
552 silly audit   '@types/istanbul-lib-coverage': [ '2.0.6' ],
552 silly audit   '@types/istanbul-lib-report': [ '3.0.3' ],
552 silly audit   '@types/istanbul-reports': [ '3.0.4' ],
552 silly audit   '@types/node': [ '22.5.5' ],
552 silly audit   '@types/stack-utils': [ '2.0.3' ],
552 silly audit   '@types/yargs': [ '17.0.33' ],
552 silly audit   '@types/yargs-parser': [ '21.0.3' ],
552 silly audit   'ansi-escapes': [ '4.3.2' ],
552 silly audit   'ansi-regex': [ '5.0.1' ],
552 silly audit   anymatch: [ '3.1.3' ],
552 silly audit   argparse: [ '1.0.10' ],
552 silly audit   'babel-plugin-istanbul': [ '6.1.1' ],
552 silly audit   'istanbul-lib-instrument': [ '5.2.1', '6.0.3' ],
552 silly audit   'babel-plugin-jest-hoist': [ '29.6.3' ],
552 silly audit   'babel-preset-current-node-syntax': [ '1.1.0' ],
552 silly audit   'babel-preset-jest': [ '29.6.3' ],
552 silly audit   'balanced-match': [ '1.0.2' ],
552 silly audit   'brace-expansion': [ '1.1.11' ],
552 silly audit   braces: [ '3.0.3' ],
552 silly audit   browserslist: [ '4.23.3' ],
552 silly audit   bser: [ '2.1.1' ],
552 silly audit   'buffer-from': [ '1.1.2' ],
552 silly audit   callsites: [ '3.1.0' ],
552 silly audit   camelcase: [ '5.3.1', '6.3.0' ],
552 silly audit   'caniuse-lite': [ '1.0.30001660' ],
552 silly audit   'char-regex': [ '1.0.2' ],
552 silly audit   'ci-info': [ '3.9.0' ],
552 silly audit   'cjs-module-lexer': [ '1.4.1' ],
552 silly audit   cliui: [ '8.0.1' ],
552 silly audit   co: [ '4.6.0' ],
552 silly audit   'collect-v8-coverage': [ '1.0.2' ],
552 silly audit   'concat-map': [ '0.0.1' ],
552 silly audit   'convert-source-map': [ '2.0.0' ],
552 silly audit   'create-jest': [ '29.7.0' ],
552 silly audit   'cross-spawn': [ '7.0.3' ],
552 silly audit   debug: [ '4.3.7' ],
552 silly audit   dedent: [ '1.5.3' ],
552 silly audit   deepmerge: [ '4.3.1' ],
552 silly audit   'detect-newline': [ '3.1.0' ],
552 silly audit   'diff-sequences': [ '29.6.3' ],
552 silly audit   'electron-to-chromium': [ '1.5.24' ],
552 silly audit   emittery: [ '0.13.1' ],
552 silly audit   'emoji-regex': [ '8.0.0' ],
552 silly audit   'error-ex': [ '1.3.2' ],
552 silly audit   escalade: [ '3.2.0' ],
552 silly audit   esprima: [ '4.0.1' ],
552 silly audit   execa: [ '5.1.1' ],
552 silly audit   exit: [ '0.1.2' ],
552 silly audit   expect: [ '29.7.0' ],
552 silly audit   'fast-json-stable-stringify': [ '2.1.0' ],
552 silly audit   'fb-watchman': [ '2.0.2' ],
552 silly audit   'fill-range': [ '7.1.1' ],
552 silly audit   'find-up': [ '4.1.0' ],
552 silly audit   'fs.realpath': [ '1.0.0' ],
552 silly audit   fsevents: [ '2.3.3' ],
552 silly audit   'function-bind': [ '1.1.2' ],
552 silly audit   gensync: [ '1.0.0-beta.2' ],
552 silly audit   'get-caller-file': [ '2.0.5' ],
552 silly audit   'get-package-type': [ '0.1.0' ],
552 silly audit   'get-stream': [ '6.0.1' ],
552 silly audit   glob: [ '7.2.3' ],
552 silly audit   globals: [ '11.12.0' ],
552 silly audit   'graceful-fs': [ '4.2.11' ],
552 silly audit   hasown: [ '2.0.2' ],
552 silly audit   'html-escaper': [ '2.0.2' ],
552 silly audit   'human-signals': [ '2.1.0' ],
552 silly audit   'import-local': [ '3.2.0' ],
552 silly audit   imurmurhash: [ '0.1.4' ],
552 silly audit   inflight: [ '1.0.6' ],
552 silly audit   inherits: [ '2.0.4' ],
552 silly audit   'is-arrayish': [ '0.2.1' ],
552 silly audit   'is-core-module': [ '2.15.1' ],
552 silly audit   'is-fullwidth-code-point': [ '3.0.0' ],
552 silly audit   'is-generator-fn': [ '2.1.0' ],
552 silly audit   'is-number': [ '7.0.0' ],
552 silly audit   'is-stream': [ '2.0.1' ],
552 silly audit   isexe: [ '2.0.0' ],
552 silly audit   'istanbul-lib-coverage': [ '3.2.2' ],
552 silly audit   semver: [ '7.6.3', '6.3.1' ],
552 silly audit   'istanbul-lib-report': [ '3.0.1' ],
552 silly audit   'istanbul-lib-source-maps': [ '4.0.1' ],
552 silly audit   'istanbul-reports': [ '3.1.7' ],
552 silly audit   jest: [ '29.7.0' ],
552 silly audit   'jest-changed-files': [ '29.7.0' ],
552 silly audit   'jest-circus': [ '29.7.0' ],
552 silly audit   'jest-cli': [ '29.7.0' ],
552 silly audit   'jest-config': [ '29.7.0' ],
552 silly audit   'jest-diff': [ '29.7.0' ],
552 silly audit   'jest-docblock': [ '29.7.0' ],
552 silly audit   'jest-each': [ '29.7.0' ],
552 silly audit   'jest-environment-node': [ '29.7.0' ],
552 silly audit   'jest-get-type': [ '29.6.3' ],
552 silly audit   'jest-haste-map': [ '29.7.0' ],
552 silly audit   'jest-leak-detector': [ '29.7.0' ],
552 silly audit   'jest-matcher-utils': [ '29.7.0' ],
552 silly audit   'jest-message-util': [ '29.7.0' ],
552 silly audit   'jest-mock': [ '29.7.0' ],
552 silly audit   'jest-pnp-resolver': [ '1.2.3' ],
552 silly audit   'jest-regex-util': [ '29.6.3' ],
552 silly audit   'jest-resolve': [ '29.7.0' ],
552 silly audit   'jest-resolve-dependencies': [ '29.7.0' ],
552 silly audit   'jest-runner': [ '29.7.0' ],
552 silly audit   'jest-runtime': [ '29.7.0' ],
552 silly audit   'jest-snapshot': [ '29.7.0' ],
552 silly audit   'jest-util': [ '29.7.0' ],
552 silly audit   'jest-validate': [ '29.7.0' ],
552 silly audit   'jest-watcher': [ '29.7.0' ],
552 silly audit   'jest-worker': [ '29.7.0' ],
552 silly audit   'js-tokens': [ '4.0.0' ],
552 silly audit   'js-yaml': [ '3.14.1' ],
552 silly audit   jsesc: [ '2.5.2', '0.5.0' ],
552 silly audit   'json-parse-even-better-errors': [ '2.3.1' ],
552 silly audit   json5: [ '2.2.3' ],
552 silly audit   kleur: [ '3.0.3' ],
552 silly audit   leven: [ '3.1.0' ],
552 silly audit   'lines-and-columns': [ '1.2.4' ],
552 silly audit   'locate-path': [ '5.0.0' ],
552 silly audit   'lru-cache': [ '5.1.1' ],
552 silly audit   'make-dir': [ '4.0.0' ],
552 silly audit   makeerror: [ '1.0.12' ],
552 silly audit   'merge-stream': [ '2.0.0' ],
552 silly audit   micromatch: [ '4.0.8' ],
552 silly audit   'mimic-fn': [ '2.1.0' ],
552 silly audit   minimatch: [ '3.1.2' ],
552 silly audit   ms: [ '2.1.3' ],
552 silly audit   'natural-compare': [ '1.4.0' ],
552 silly audit   'node-int64': [ '0.4.0' ],
552 silly audit   'node-releases': [ '2.0.18' ],
552 silly audit   'normalize-path': [ '3.0.0' ],
552 silly audit   'npm-run-path': [ '4.0.1' ],
552 silly audit   once: [ '1.4.0' ],
552 silly audit   onetime: [ '5.1.2' ],
552 silly audit   'p-limit': [ '3.1.0', '2.3.0' ],
552 silly audit   'p-locate': [ '4.1.0' ],
552 silly audit   'p-try': [ '2.2.0' ],
552 silly audit   'parse-json': [ '5.2.0' ],
552 silly audit   'path-exists': [ '4.0.0' ],
552 silly audit   'path-is-absolute': [ '1.0.1' ],
552 silly audit   'path-key': [ '3.1.1' ],
552 silly audit   'path-parse': [ '1.0.7' ],
552 silly audit   picocolors: [ '1.1.0' ],
552 silly audit   picomatch: [ '2.3.1' ],
552 silly audit   pirates: [ '4.0.6' ],
552 silly audit   'pkg-dir': [ '4.2.0' ],
552 silly audit   'pretty-format': [ '29.7.0' ],
552 silly audit   prompts: [ '2.4.2' ],
552 silly audit   'pure-rand': [ '6.1.0' ],
552 silly audit   'react-is': [ '18.3.1' ],
552 silly audit   'require-directory': [ '2.1.1' ],
552 silly audit   resolve: [ '1.22.8' ],
552 silly audit   'resolve-cwd': [ '3.0.0' ],
552 silly audit   'resolve-from': [ '5.0.0' ],
552 silly audit   'resolve.exports': [ '2.0.2' ],
552 silly audit   'shebang-command': [ '2.0.0' ],
552 silly audit   'shebang-regex': [ '3.0.0' ],
552 silly audit   'signal-exit': [ '3.0.7' ],
552 silly audit   sisteransi: [ '1.0.5' ],
552 silly audit   slash: [ '3.0.0' ],
552 silly audit   'source-map': [ '0.6.1' ],
552 silly audit   'source-map-support': [ '0.5.13' ],
552 silly audit   'sprintf-js': [ '1.0.3' ],
552 silly audit   'stack-utils': [ '2.0.6' ],
552 silly audit   'string-length': [ '4.0.2' ],
552 silly audit   'string-width': [ '4.2.3' ],
552 silly audit   'strip-ansi': [ '6.0.1' ],
552 silly audit   'strip-bom': [ '4.0.0' ],
552 silly audit   'strip-final-newline': [ '2.0.0' ],
552 silly audit   'strip-json-comments': [ '3.1.1' ],
552 silly audit   'supports-preserve-symlinks-flag': [ '1.0.0' ],
552 silly audit   'test-exclude': [ '6.0.0' ],
552 silly audit   tmpl: [ '1.0.5' ],
552 silly audit   'to-fast-properties': [ '2.0.0' ],
552 silly audit   'to-regex-range': [ '5.0.1' ],
552 silly audit   'type-detect': [ '4.0.8' ],
552 silly audit   'type-fest': [ '0.21.3' ],
552 silly audit   'undici-types': [ '6.19.8' ],
552 silly audit   'update-browserslist-db': [ '1.1.0' ],
552 silly audit   'v8-to-istanbul': [ '9.3.0' ],
552 silly audit   walker: [ '1.0.8' ],
552 silly audit   which: [ '2.0.2' ],
552 silly audit   'wrap-ansi': [ '7.0.0' ],
552 silly audit   wrappy: [ '1.0.2' ],
552 silly audit   'write-file-atomic': [ '4.0.2' ],
552 silly audit   y18n: [ '5.0.8' ],
552 silly audit   yallist: [ '3.1.1' ],
552 silly audit   yargs: [ '17.7.2' ],
552 silly audit   'yargs-parser': [ '21.1.1' ],
552 silly audit   'yocto-queue': [ '0.1.0' ],
552 silly audit   '@babel/core': [ '7.25.2' ],
552 silly audit   '@babel/preset-env': [ '7.25.4' ],
552 silly audit   'babel-jest': [ '29.7.0' ],
552 silly audit   '@babel/plugin-bugfix-firefox-class-in-computed-class-key': [ '7.25.3' ],
552 silly audit   '@babel/plugin-bugfix-safari-class-field-initializer-scope': [ '7.25.0' ],
552 silly audit   '@babel/plugin-bugfix-safari-id-destructuring-collision-in-function-expression': [ '7.25.0' ],
552 silly audit   '@babel/plugin-bugfix-v8-spread-parameters-in-optional-chaining': [ '7.24.7' ],
552 silly audit   '@babel/plugin-bugfix-v8-static-class-fields-redefine-readonly': [ '7.25.0' ],
552 silly audit   '@babel/plugin-proposal-private-property-in-object': [ '7.21.0-placeholder-for-preset-env.2' ],
552 silly audit   '@babel/plugin-syntax-dynamic-import': [ '7.8.3' ],
552 silly audit   '@babel/plugin-syntax-export-namespace-from': [ '7.8.3' ],
552 silly audit   '@babel/plugin-syntax-import-assertions': [ '7.25.6' ],
552 silly audit   '@babel/plugin-syntax-unicode-sets-regex': [ '7.18.6' ],
552 silly audit   '@babel/plugin-transform-arrow-functions': [ '7.24.7' ],
552 silly audit   '@babel/plugin-transform-async-generator-functions': [ '7.25.4' ],
552 silly audit   '@babel/plugin-transform-async-to-generator': [ '7.24.7' ],
552 silly audit   '@babel/plugin-transform-block-scoped-functions': [ '7.24.7' ],
552 silly audit   '@babel/plugin-transform-block-scoping': [ '7.25.0' ],
552 silly audit   '@babel/plugin-transform-class-properties': [ '7.25.4' ],
552 silly audit   '@babel/plugin-transform-class-static-block': [ '7.24.7' ],
552 silly audit   '@babel/plugin-transform-classes': [ '7.25.4' ],
552 silly audit   '@babel/plugin-transform-computed-properties': [ '7.24.7' ],
552 silly audit   '@babel/plugin-transform-destructuring': [ '7.24.8' ],
552 silly audit   '@babel/plugin-transform-dotall-regex': [ '7.24.7' ],
552 silly audit   '@babel/plugin-transform-duplicate-keys': [ '7.24.7' ],
552 silly audit   '@babel/plugin-transform-duplicate-named-capturing-groups-regex': [ '7.25.0' ],
552 silly audit   '@babel/plugin-transform-dynamic-import': [ '7.24.7' ],
552 silly audit   '@babel/plugin-transform-exponentiation-operator': [ '7.24.7' ],
552 silly audit   '@babel/plugin-transform-export-namespace-from': [ '7.24.7' ],
552 silly audit   '@babel/plugin-transform-for-of': [ '7.24.7' ],
552 silly audit   '@babel/plugin-transform-function-name': [ '7.25.1' ],
552 silly audit   '@babel/plugin-transform-json-strings': [ '7.24.7' ],
552 silly audit   '@babel/plugin-transform-literals': [ '7.25.2' ],
552 silly audit   '@babel/plugin-transform-logical-assignment-operators': [ '7.24.7' ],
552 silly audit   '@babel/plugin-transform-member-expression-literals': [ '7.24.7' ],
552 silly audit   '@babel/plugin-transform-modules-amd': [ '7.24.7' ],
552 silly audit   '@babel/plugin-transform-modules-commonjs': [ '7.24.8' ],
552 silly audit   '@babel/plugin-transform-modules-systemjs': [ '7.25.0' ],
552 silly audit   '@babel/plugin-transform-modules-umd': [ '7.24.7' ],
552 silly audit   '@babel/plugin-transform-named-capturing-groups-regex': [ '7.24.7' ],
552 silly audit   '@babel/plugin-transform-new-target': [ '7.24.7' ],
552 silly audit   '@babel/plugin-transform-nullish-coalescing-operator': [ '7.24.7' ],
552 silly audit   '@babel/plugin-transform-numeric-separator': [ '7.24.7' ],
552 silly audit   '@babel/plugin-transform-object-rest-spread': [ '7.24.7' ],
552 silly audit   '@babel/plugin-transform-object-super': [ '7.24.7' ],
552 silly audit   '@babel/plugin-transform-optional-catch-binding': [ '7.24.7' ],
552 silly audit   '@babel/plugin-transform-optional-chaining': [ '7.24.8' ],
552 silly audit   '@babel/plugin-transform-parameters': [ '7.24.7' ],
552 silly audit   '@babel/plugin-transform-private-methods': [ '7.25.4' ],
552 silly audit   '@babel/plugin-transform-private-property-in-object': [ '7.24.7' ],
552 silly audit   '@babel/plugin-transform-property-literals': [ '7.24.7' ],
552 silly audit   '@babel/plugin-transform-regenerator': [ '7.24.7' ],
552 silly audit   '@babel/plugin-transform-reserved-words': [ '7.24.7' ],
552 silly audit   '@babel/plugin-transform-shorthand-properties': [ '7.24.7' ],
552 silly audit   '@babel/plugin-transform-spread': [ '7.24.7' ],
552 silly audit   '@babel/plugin-transform-sticky-regex': [ '7.24.7' ],
552 silly audit   '@babel/plugin-transform-template-literals': [ '7.24.7' ],
552 silly audit   '@babel/plugin-transform-typeof-symbol': [ '7.24.8' ],
552 silly audit   '@babel/plugin-transform-unicode-escapes': [ '7.24.7' ],
552 silly audit   '@babel/plugin-transform-unicode-property-regex': [ '7.24.7' ],
552 silly audit   '@babel/plugin-transform-unicode-regex': [ '7.24.7' ],
552 silly audit   '@babel/plugin-transform-unicode-sets-regex': [ '7.25.4' ],
552 silly audit   '@babel/preset-modules': [ '0.1.6-no-external-plugins' ],
552 silly audit   'babel-plugin-polyfill-corejs2': [ '0.4.11' ],
552 silly audit   'babel-plugin-polyfill-corejs3': [ '0.10.6' ],
552 silly audit   'babel-plugin-polyfill-regenerator': [ '0.6.2' ],
552 silly audit   'core-js-compat': [ '3.38.1' ],
552 silly audit   '@babel/helper-skip-transparent-expression-wrappers': [ '7.24.7' ],
552 silly audit   '@babel/helper-create-regexp-features-plugin': [ '7.25.2' ],
552 silly audit   '@babel/helper-annotate-as-pure': [ '7.24.7' ],
552 silly audit   'regexpu-core': [ '5.3.2' ],
552 silly audit   '@babel/helper-remap-async-to-generator': [ '7.25.0' ],
552 silly audit   '@babel/helper-wrap-function': [ '7.25.0' ],
552 silly audit   '@babel/helper-create-class-features-plugin': [ '7.25.4' ],
552 silly audit   '@babel/helper-member-expression-to-functions': [ '7.24.8' ],
552 silly audit   '@babel/helper-optimise-call-expression': [ '7.24.7' ],
552 silly audit   '@babel/helper-replace-supers': [ '7.25.0' ],
552 silly audit   '@babel/helper-builder-binary-assignment-operator-visitor': [ '7.24.7' ],
552 silly audit   'regenerator-transform': [ '0.15.2' ],
552 silly audit   esutils: [ '2.0.3' ],
552 silly audit   '@babel/helper-define-polyfill-provider': [ '0.6.2' ],
552 silly audit   'lodash.debounce': [ '4.0.8' ],
552 silly audit   '@babel/runtime': [ '7.25.6' ],
552 silly audit   'regenerator-runtime': [ '0.14.1' ],
552 silly audit   '@babel/regjsgen': [ '0.8.0' ],
552 silly audit   regenerate: [ '1.4.2' ],
552 silly audit   'regenerate-unicode-properties': [ '10.2.0' ],
552 silly audit   regjsparser: [ '0.9.1' ],
552 silly audit   'unicode-match-property-ecmascript': [ '2.0.0' ],
552 silly audit   'unicode-match-property-value-ecmascript': [ '2.2.0' ],
552 silly audit   'unicode-canonical-property-names-ecmascript': [ '2.0.1' ],
552 silly audit   'unicode-property-aliases-ecmascript': [ '2.1.0' ]
552 silly audit }
553 verbose reify failed optional dependency /home/osipowvw/my-project/node_modules/fsevents
554 silly reify mark deleted [ '/home/osipowvw/my-project/node_modules/fsevents' ]
555 http fetch POST 200 https://registry.npmjs.org/-/npm/v1/security/advisories/bulk 301ms
556 silly audit report {}
557 silly ADD node_modules/unicode-property-aliases-ecmascript
558 silly ADD node_modules/unicode-canonical-property-names-ecmascript
559 silly ADD node_modules/unicode-match-property-value-ecmascript
560 silly ADD node_modules/unicode-match-property-ecmascript
561 silly ADD node_modules/regjsparser
562 silly ADD node_modules/regjsparser/node_modules/jsesc
563 silly ADD node_modules/regenerate-unicode-properties
564 silly ADD node_modules/regenerate
565 silly ADD node_modules/@babel/regjsgen
566 silly ADD node_modules/regenerator-runtime
567 silly ADD node_modules/@babel/runtime
568 silly ADD node_modules/lodash.debounce
569 silly ADD node_modules/@babel/helper-define-polyfill-provider
570 silly ADD node_modules/esutils
571 silly ADD node_modules/regenerator-transform
572 silly ADD node_modules/@babel/helper-builder-binary-assignment-operator-visitor
573 silly ADD node_modules/@babel/helper-replace-supers
574 silly ADD node_modules/@babel/helper-optimise-call-expression
575 silly ADD node_modules/@babel/helper-member-expression-to-functions
576 silly ADD node_modules/@babel/helper-create-class-features-plugin
577 silly ADD node_modules/@babel/helper-wrap-function
578 silly ADD node_modules/@babel/helper-remap-async-to-generator
579 silly ADD node_modules/regexpu-core
580 silly ADD node_modules/@babel/helper-annotate-as-pure
581 silly ADD node_modules/@babel/helper-create-regexp-features-plugin
582 silly ADD node_modules/@babel/helper-skip-transparent-expression-wrappers
583 silly ADD node_modules/core-js-compat
584 silly ADD node_modules/babel-plugin-polyfill-regenerator
585 silly ADD node_modules/babel-plugin-polyfill-corejs3
586 silly ADD node_modules/babel-plugin-polyfill-corejs2
587 silly ADD node_modules/@babel/preset-modules
588 silly ADD node_modules/@babel/plugin-transform-unicode-sets-regex
589 silly ADD node_modules/@babel/plugin-transform-unicode-regex
590 silly ADD node_modules/@babel/plugin-transform-unicode-property-regex
591 silly ADD node_modules/@babel/plugin-transform-unicode-escapes
592 silly ADD node_modules/@babel/plugin-transform-typeof-symbol
593 silly ADD node_modules/@babel/plugin-transform-template-literals
594 silly ADD node_modules/@babel/plugin-transform-sticky-regex
595 silly ADD node_modules/@babel/plugin-transform-spread
596 silly ADD node_modules/@babel/plugin-transform-shorthand-properties
597 silly ADD node_modules/@babel/plugin-transform-reserved-words
598 silly ADD node_modules/@babel/plugin-transform-regenerator
599 silly ADD node_modules/@babel/plugin-transform-property-literals
600 silly ADD node_modules/@babel/plugin-transform-private-property-in-object
601 silly ADD node_modules/@babel/plugin-transform-private-methods
602 silly ADD node_modules/@babel/plugin-transform-parameters
603 silly ADD node_modules/@babel/plugin-transform-optional-chaining
604 silly ADD node_modules/@babel/plugin-transform-optional-catch-binding
605 silly ADD node_modules/@babel/plugin-transform-object-super
606 silly ADD node_modules/@babel/plugin-transform-object-rest-spread
607 silly ADD node_modules/@babel/plugin-transform-numeric-separator
608 silly ADD node_modules/@babel/plugin-transform-nullish-coalescing-operator
609 silly ADD node_modules/@babel/plugin-transform-new-target
610 silly ADD node_modules/@babel/plugin-transform-named-capturing-groups-regex
611 silly ADD node_modules/@babel/plugin-transform-modules-umd
612 silly ADD node_modules/@babel/plugin-transform-modules-systemjs
613 silly ADD node_modules/@babel/plugin-transform-modules-commonjs
614 silly ADD node_modules/@babel/plugin-transform-modules-amd
615 silly ADD node_modules/@babel/plugin-transform-member-expression-literals
616 silly ADD node_modules/@babel/plugin-transform-logical-assignment-operators
617 silly ADD node_modules/@babel/plugin-transform-literals
618 silly ADD node_modules/@babel/plugin-transform-json-strings
619 silly ADD node_modules/@babel/plugin-transform-function-name
620 silly ADD node_modules/@babel/plugin-transform-for-of
621 silly ADD node_modules/@babel/plugin-transform-export-namespace-from
622 silly ADD node_modules/@babel/plugin-transform-exponentiation-operator
623 silly ADD node_modules/@babel/plugin-transform-dynamic-import
624 silly ADD node_modules/@babel/plugin-transform-duplicate-named-capturing-groups-regex
625 silly ADD node_modules/@babel/plugin-transform-duplicate-keys
626 silly ADD node_modules/@babel/plugin-transform-dotall-regex
627 silly ADD node_modules/@babel/plugin-transform-destructuring
628 silly ADD node_modules/@babel/plugin-transform-computed-properties
629 silly ADD node_modules/@babel/plugin-transform-classes
630 silly ADD node_modules/@babel/plugin-transform-class-static-block
631 silly ADD node_modules/@babel/plugin-transform-class-properties
632 silly ADD node_modules/@babel/plugin-transform-block-scoping
633 silly ADD node_modules/@babel/plugin-transform-block-scoped-functions
634 silly ADD node_modules/@babel/plugin-transform-async-to-generator
635 silly ADD node_modules/@babel/plugin-transform-async-generator-functions
636 silly ADD node_modules/@babel/plugin-transform-arrow-functions
637 silly ADD node_modules/@babel/plugin-syntax-unicode-sets-regex
638 silly ADD node_modules/@babel/plugin-syntax-import-assertions
639 silly ADD node_modules/@babel/plugin-syntax-export-namespace-from
640 silly ADD node_modules/@babel/plugin-syntax-dynamic-import
641 silly ADD node_modules/@babel/plugin-proposal-private-property-in-object
642 silly ADD node_modules/@babel/plugin-bugfix-v8-static-class-fields-redefine-readonly
643 silly ADD node_modules/@babel/plugin-bugfix-v8-spread-parameters-in-optional-chaining
644 silly ADD node_modules/@babel/plugin-bugfix-safari-id-destructuring-collision-in-function-expression
645 silly ADD node_modules/@babel/plugin-bugfix-safari-class-field-initializer-scope
646 silly ADD node_modules/@babel/plugin-bugfix-firefox-class-in-computed-class-key
647 silly ADD node_modules/@babel/preset-env
648 silly ADD
649 verbose cwd /home/osipowvw/my-project
650 verbose os Linux 5.15.153.1-microsoft-standard-WSL2
651 verbose node v20.17.0
652 verbose npm  v10.8.2
653 verbose exit 0
654 info ok
